Using pre-set license
Desktop is 1920 x 1080 @ 60 Hz

 COMMAND LINE ARGUMENTS:
Unity
-adb2
-batchMode
-noUpm
-name
AssetImportWorker0
-projectPath
/home/luis/Documents/LZ/Freelas/Financinha/[Unity] Financinha
-logFile
Logs/AssetImportWorker0.log
-srvPort
33519
Successfully changed project path to: /home/luis/Documents/LZ/Freelas/Financinha/[Unity] Financinha
/home/luis/Documents/LZ/Freelas/Financinha/[Unity] Financinha
Using Asset Import Pipeline V2.
Refreshing native plugins compatible for Editor in 47,85 ms, found 1 plugins.
Preloading 0 native plugins for Editor in 0,00 ms.
Initialize engine version: 2020.3.0f1 (c7b5465681fb)
[Subsystems] Discovering subsystems at path /home/luis/Unity/Hub/Editor/2020.3.0f1/Editor/Data/Resources/UnitySubsystems
[Subsystems] Discovering subsystems at path /home/luis/Documents/LZ/Freelas/Financinha/[Unity] Financinha/Assets
GLX Extensions: GLX_ARB_create_context GLX_ARB_create_context_no_error GLX_ARB_create_context_profile GLX_ARB_create_context_robustness GLX_ARB_fbconfig_float GLX_ARB_framebuffer_sRGB GLX_ARB_get_proc_address GLX_ARB_multisample GLX_EXT_buffer_age GLX_EXT_create_context_es2_profile GLX_EXT_create_context_es_profile GLX_EXT_fbconfig_packed_float GLX_EXT_framebuffer_sRGB GLX_EXT_import_context GLX_EXT_texture_from_pixmap GLX_EXT_visual_info GLX_EXT_visual_rating GLX_INTEL_swap_event GLX_MESA_copy_sub_buffer GLX_MESA_query_renderer GLX_MESA_swap_control GLX_OML_swap_method GLX_OML_sync_control GLX_SGIS_multisample GLX_SGIX_fbconfig GLX_SGIX_pbuffer GLX_SGIX_visual_select_group GLX_SGI_make_current_read GLX_SGI_swap_control GLX_SGI_video_sync 
Renderer: Mesa DRI Intel(R) UHD Graphics 620 (WHL GT2)
Vendor:   Intel Open Source Technology Center
Version:  4.6 (Core Profile) Mesa 20.0.8
GLES:     0
 GL_3DFX_texture_compression_FXT1 GL_AMD_conservative_depth GL_AMD_depth_clamp_separate GL_AMD_draw_buffers_blend GL_AMD_gpu_shader_int64 GL_AMD_multi_draw_indirect GL_AMD_query_buffer_object GL_AMD_seamless_cubemap_per_texture GL_AMD_shader_stencil_export GL_AMD_shader_trinary_minmax GL_AMD_texture_texture4 GL_AMD_vertex_shader_layer GL_AMD_vertex_shader_viewport_index GL_ANGLE_texture_compression_dxt3 GL_ANGLE_texture_compression_dxt5 GL_APPLE_object_purgeable GL_ARB_ES2_compatibility GL_ARB_ES3_1_compatibility GL_ARB_ES3_2_compatibility GL_ARB_ES3_compatibility GL_ARB_arrays_of_arrays GL_ARB_base_instance GL_ARB_blend_func_extended GL_ARB_buffer_storage GL_ARB_clear_buffer_object GL_ARB_clear_texture GL_ARB_clip_control GL_ARB_compressed_texture_pixel_storage GL_ARB_compute_shader GL_ARB_conditional_render_inverted GL_ARB_conservative_depth GL_ARB_copy_buffer GL_ARB_copy_image GL_ARB_cull_distance GL_ARB_debug_output GL_ARB_depth_buffer_float GL_ARB_depth_clamp GL_ARB_derivative_control GL_ARB_direct_stat
e_access GL_ARB_draw_buffers GL_ARB_draw_buffers_blend GL_ARB_draw_elements_base_vertex GL_ARB_draw_indirect GL_ARB_draw_instanced GL_ARB_enhanced_layouts GL_ARB_explicit_attrib_location GL_ARB_explicit_uniform_location GL_ARB_fragment_coord_conventions GL_ARB_fragment_layer_viewport GL_ARB_fragment_shader GL_ARB_fragment_shader_interlock GL_ARB_framebuffer_no_attachments GL_ARB_framebuffer_object GL_ARB_framebuffer_sRGB GL_ARB_get_program_binary GL_ARB_get_texture_sub_image GL_ARB_gl_spirv GL_ARB_gpu_shader5 GL_ARB_gpu_shader_fp64 GL_ARB_gpu_shader_int64 GL_ARB_half_float_pixel GL_ARB_half_float_vertex GL_ARB_indirect_parameters GL_ARB_instanced_arrays GL_ARB_internalformat_query GL_ARB_internalformat_query2 GL_ARB_invalidate_subdata GL_ARB_map_buffer_alignment GL_ARB_map_buffer_range GL_ARB_multi_bind GL_ARB_multi_draw_indirect GL_ARB_occlusion_query2 GL_ARB_parallel_shader_compile GL_ARB_pipeline_statistics_query GL_ARB_pixel_buffer_object GL_ARB_point_sprite GL_ARB_polygon_offset_clamp GL_ARB_post_depth_
coverage GL_ARB_program_interface_query GL_ARB_provoking_vertex GL_ARB_query_buffer_object GL_ARB_robust_buffer_access_behavior GL_ARB_robustness GL_ARB_sample_shading GL_ARB_sampler_objects GL_ARB_seamless_cube_map GL_ARB_seamless_cubemap_per_texture GL_ARB_separate_shader_objects GL_ARB_shader_atomic_counter_ops GL_ARB_shader_atomic_counters GL_ARB_shader_ballot GL_ARB_shader_bit_encoding GL_ARB_shader_clock GL_ARB_shader_draw_parameters GL_ARB_shader_group_vote GL_ARB_shader_image_load_store GL_ARB_shader_image_size GL_ARB_shader_objects GL_ARB_shader_precision GL_ARB_shader_stencil_export GL_ARB_shader_storage_buffer_object GL_ARB_shader_subroutine GL_ARB_shader_texture_image_samples GL_ARB_shader_texture_lod GL_ARB_shader_viewport_layer_array GL_ARB_shading_language_420pack GL_ARB_shading_language_include GL_ARB_shading_language_packing GL_ARB_spirv_extensions GL_ARB_stencil_texturing GL_ARB_sync GL_ARB_tessellation_shader GL_ARB_texture_barrier GL_ARB_texture_buffer_object GL_ARB_texture_buffer_object_
rgb32 GL_ARB_texture_buffer_range GL_ARB_texture_compression_bptc GL_ARB_texture_compression_rgtc GL_ARB_texture_cube_map_array GL_ARB_texture_filter_anisotropic GL_ARB_texture_float GL_ARB_texture_gather GL_ARB_texture_mirror_clamp_to_edge GL_ARB_texture_multisample GL_ARB_texture_non_power_of_two GL_ARB_texture_query_levels GL_ARB_texture_query_lod GL_ARB_texture_rectangle GL_ARB_texture_rg GL_ARB_texture_rgb10_a2ui GL_ARB_texture_stencil8 GL_ARB_texture_storage GL_ARB_texture_storage_multisample GL_ARB_texture_swizzle GL_ARB_texture_view GL_ARB_timer_query GL_ARB_transform_feedback2 GL_ARB_transform_feedback3 GL_ARB_transform_feedback_instanced GL_ARB_transform_feedback_overflow_query GL_ARB_uniform_buffer_object GL_ARB_vertex_array_bgra GL_ARB_vertex_array_object GL_ARB_vertex_attrib_64bit GL_ARB_vertex_attrib_binding GL_ARB_vertex_buffer_object GL_ARB_vertex_shader GL_ARB_vertex_type_10f_11f_11f_rev GL_ARB_vertex_type_2_10_10_10_rev GL_ARB_viewport_array GL_ATI_blend_equation_separate GL_ATI_texture_flo
at GL_EXT_EGL_image_storage GL_EXT_EGL_sync GL_EXT_abgr GL_EXT_blend_equation_separate GL_EXT_demote_to_helper_invocation GL_EXT_draw_buffers2 GL_EXT_draw_instanced GL_EXT_framebuffer_blit GL_EXT_framebuffer_multisample GL_EXT_framebuffer_multisample_blit_scaled GL_EXT_framebuffer_object GL_EXT_framebuffer_sRGB GL_EXT_packed_depth_stencil GL_EXT_packed_float GL_EXT_pixel_buffer_object GL_EXT_polygon_offset_clamp GL_EXT_provoking_vertex GL_EXT_shader_framebuffer_fetch GL_EXT_shader_framebuffer_fetch_non_coherent GL_EXT_shader_integer_mix GL_EXT_shader_samples_identical GL_EXT_texture_array GL_EXT_texture_compression_dxt1 GL_EXT_texture_compression_rgtc GL_EXT_texture_compression_s3tc GL_EXT_texture_filter_anisotropic GL_EXT_texture_integer GL_EXT_texture_sRGB GL_EXT_texture_sRGB_R8 GL_EXT_texture_sRGB_decode GL_EXT_texture_shadow_lod GL_EXT_texture_shared_exponent GL_EXT_texture_snorm GL_EXT_texture_swizzle GL_EXT_timer_query GL_EXT_transform_feedback GL_EXT_vertex_array_bgra GL_EXT_vertex_attrib_64bit GL_IBM
_multimode_draw_arrays GL_INTEL_conservative_rasterization GL_INTEL_performance_query GL_INTEL_shader_atomic_float_minmax GL_INTEL_shader_integer_functions2 GL_KHR_blend_equation_advanced GL_KHR_blend_equation_advanced_coherent GL_KHR_context_flush_control GL_KHR_debug GL_KHR_no_error GL_KHR_parallel_shader_compile GL_KHR_robust_buffer_access_behavior GL_KHR_robustness GL_KHR_texture_compression_astc_ldr GL_KHR_texture_compression_astc_sliced_3d GL_MESA_framebuffer_flip_y GL_MESA_pack_invert GL_MESA_shader_integer_functions GL_MESA_texture_signed_rgba GL_NV_compute_shader_derivatives GL_NV_conditional_render GL_NV_depth_clamp GL_NV_fragment_shader_interlock GL_NV_packed_depth_stencil GL_NV_texture_barrier GL_OES_EGL_image GL_S3_s3tc
OPENGL LOG: Creating OpenGL 4.6 graphics device ; Context level  <OpenGL 4.5> ; Context handle 1806520336
Initialize mono
Mono path[0] = '/home/luis/Unity/Hub/Editor/2020.3.0f1/Editor/Data/Managed'
Mono path[1] = '/home/luis/Unity/Hub/Editor/2020.3.0f1/Editor/Data/MonoBleedingEdge/lib/mono/unityjit'
Mono config path = '/home/luis/Unity/Hub/Editor/2020.3.0f1/Editor/Data/MonoBleedingEdge/etc'
Using monoOptions --debugger-agent=transport=dt_socket,embedding=1,server=y,suspend=n,address=127.0.0.1:56757
Begin MonoManager ReloadAssembly
Registering precompiled unity dll's ...
Register platform support module: /home/luis/Unity/Hub/Editor/2020.3.0f1/Editor/Data/PlaybackEngines/LinuxStandaloneSupport/UnityEditor.LinuxStandalone.Extensions.dll
Registered in 0,000911 seconds.
Native extension for LinuxStandalone target not found
Refreshing native plugins compatible for Editor in 36,19 ms, found 1 plugins.
Preloading 0 native plugins for Editor in 0,00 ms.
Invoked RoslynAnalysisRunner static constructor.
RoslynAnalysisRunner will not be running.
RoslynAnalysisRunner has terminated.
Mono: successfully reloaded assembly
- Completed reload, in  0,956 seconds
Platform modules already initialized, skipping
Registering precompiled user dll's ...
Registered in 0,000594 seconds.
Begin MonoManager ReloadAssembly
Native extension for LinuxStandalone target not found
Refreshing native plugins compatible for Editor in 35,16 ms, found 1 plugins.
Preloading 0 native plugins for Editor in 0,00 ms.
Invoked RoslynAnalysisRunner static constructor.
RoslynAnalysisRunner will not be running.
RoslynAnalysisRunner has terminated.
NullReferenceException: Object reference not set to an instance of an object
  at XT.Enhancer.Package..cctor () [0x00019] in /home/luis/Documents/LZ/Freelas/Financinha/[Unity] Financinha/Library/PackageCache/com.xeleh.enhancer@78e062bf54/Editor/Package.cs:10 
Rethrow as TypeInitializationException: The type initializer for 'XT.Enhancer.Package' threw an exception.


(Filename: Library/PackageCache/com.xeleh.enhancer@78e062bf54/Editor/Package.cs Line: 10)

Mono: successfully reloaded assembly
- Completed reload, in  0,725 seconds
Platform modules already initialized, skipping
========================================================================
Worker process is ready to serve import requests
Launched and connected shader compiler UnityShaderCompiler after 0.01 seconds
Refreshing native plugins compatible for Editor in 0,47 ms, found 1 plugins.
Preloading 0 native plugins for Editor in 0,00 ms.
Unloading 1988 Unused Serialized files (Serialized files now loaded: 0)
System memory in use before: 87,0 MB.
System memory in use after: 87,1 MB.

Unloading 19 unused Assets to reduce memory usage. Loaded Objects now: 2446.
Total: 2,635600 ms (FindLiveObjects: 0,228009 ms CreateObjectMapping: 0,073320 ms MarkObjects: 2,213372 ms  DeleteObjects: 0,120089 ms)

========================================================================
Received Import Request.
  path: Assets/Scripts/APIs/Regras da casa/CreateRule.cs
  artifactKey: Guid(4f1320ce9dbd98543abf8759969cd9a0) Importer(815301076,1909f56bfc062723c751e8b465ee728b)
Start importing Assets/Scripts/APIs/Regras da casa/CreateRule.cs using Guid(4f1320ce9dbd98543abf8759969cd9a0) Importer(815301076,1909f56bfc062723c751e8b465ee728b)  -> (artifact id: 'd0cbee27f815eb73647321281b7e8190') in 0,003312 seconds
  Import took 0,006547 seconds .

========================================================================
Received Import Request.
  Time since last request: 0,000198 seconds.
  path: Assets/Scripts/APIs/Regras da casa
  artifactKey: Guid(0917f30ba48520246ab7927037713a23) Importer(815301076,1909f56bfc062723c751e8b465ee728b)
Start importing Assets/Scripts/APIs/Regras da casa using Guid(0917f30ba48520246ab7927037713a23) Importer(815301076,1909f56bfc062723c751e8b465ee728b)  -> (artifact id: 'f42e98efa3084a654cc199d95ab9a0fe') in 0,000491 seconds
  Import took 0,002722 seconds .

========================================================================
Received Import Request.
  Time since last request: 2,570729 seconds.
  path: Assets/Scripts/APIs/Regras da casa/Rule.cs
  artifactKey: Guid(cc640d67537244e4c93624f5159dbaca) Importer(815301076,1909f56bfc062723c751e8b465ee728b)
Start importing Assets/Scripts/APIs/Regras da casa/Rule.cs using Guid(cc640d67537244e4c93624f5159dbaca) Importer(815301076,1909f56bfc062723c751e8b465ee728b)  -> (artifact id: '54b55c3ef3ef43d7bbdb154a3c15f34e') in 0,000565 seconds
  Import took 0,003549 seconds .

========================================================================
Received Import Request.
  Time since last request: 0,001987 seconds.
  path: Assets/Scripts/APIs/Regras da casa/Rule.cs
  artifactKey: Guid(cc640d67537244e4c93624f5159dbaca) Importer(815301076,1909f56bfc062723c751e8b465ee728b)
Start importing Assets/Scripts/APIs/Regras da casa/Rule.cs using Guid(cc640d67537244e4c93624f5159dbaca) Importer(815301076,1909f56bfc062723c751e8b465ee728b)  -> (artifact id: '54b55c3ef3ef43d7bbdb154a3c15f34e') in 0,000512 seconds
  Import took 0,003378 seconds .

========================================================================
Received Import Request.
  Time since last request: 94,388489 seconds.
  path: Assets/Scripts/APIs/Regras da casa/GetRules.cs
  artifactKey: Guid(b01ca5de56fc15d438db4ca208169c3b) Importer(815301076,1909f56bfc062723c751e8b465ee728b)
Start importing Assets/Scripts/APIs/Regras da casa/GetRules.cs using Guid(b01ca5de56fc15d438db4ca208169c3b) Importer(815301076,1909f56bfc062723c751e8b465ee728b)  -> (artifact id: '1490a858377afea1ee7d86392ba0fd7b') in 0,000624 seconds
  Import took 0,003574 seconds .

========================================================================
Received Import Request.
  Time since last request: 0,002713 seconds.
  path: Assets/Scripts/APIs/Regras da casa/GetRules.cs
  artifactKey: Guid(b01ca5de56fc15d438db4ca208169c3b) Importer(815301076,1909f56bfc062723c751e8b465ee728b)
Start importing Assets/Scripts/APIs/Regras da casa/GetRules.cs using Guid(b01ca5de56fc15d438db4ca208169c3b) Importer(815301076,1909f56bfc062723c751e8b465ee728b)  -> (artifact id: '1490a858377afea1ee7d86392ba0fd7b') in 0,000571 seconds
  Import took 0,003395 seconds .

========================================================================
Received Prepare
Registering precompiled user dll's ...
Registered in 0,001287 seconds.
Begin MonoManager ReloadAssembly
Native extension for LinuxStandalone target not found
Refreshing native plugins compatible for Editor in 0,43 ms, found 1 plugins.
Preloading 0 native plugins for Editor in 0,00 ms.
Invoked RoslynAnalysisRunner static constructor.
RoslynAnalysisRunner will not be running.
RoslynAnalysisRunner has terminated.
NullReferenceException: Object reference not set to an instance of an object
  at XT.Enhancer.Package..cctor () [0x00019] in /home/luis/Documents/LZ/Freelas/Financinha/[Unity] Financinha/Library/PackageCache/com.xeleh.enhancer@78e062bf54/Editor/Package.cs:10 
Rethrow as TypeInitializationException: The type initializer for 'XT.Enhancer.Package' threw an exception.


(Filename: Library/PackageCache/com.xeleh.enhancer@78e062bf54/Editor/Package.cs Line: 10)

Mono: successfully reloaded assembly
- Completed reload, in  0,751 seconds
Platform modules already initialized, skipping
Switching build target platform(24) subTarget(0) extendedPlatform(0) -> platform(13) subTarget(537395200) extendedPlatform(0)
Refreshing native plugins compatible for Editor in 0,43 ms, found 1 plugins.
Preloading 0 native plugins for Editor in 0,00 ms.
Unloading 1971 Unused Serialized files (Serialized files now loaded: 0)
System memory in use before: 86,0 MB.
System memory in use after: 86,0 MB.

Unloading 8 unused Assets to reduce memory usage. Loaded Objects now: 2449.
Total: 2,610784 ms (FindLiveObjects: 0,233773 ms CreateObjectMapping: 0,054431 ms MarkObjects: 2,284895 ms  DeleteObjects: 0,036288 ms)

AssetImportParameters requested are different than current active one (requested -> active):
  custom:graphics/normal-map-encoding: 01000000000000000000000000000000 -> 02000000000000000000000000000000
========================================================================
Received Import Request.
  Time since last request: 341,665198 seconds.
  path: Assets/Scripts/APIs/Regras da casa/GetRules.cs
  artifactKey: Guid(b01ca5de56fc15d438db4ca208169c3b) Importer(815301076,1909f56bfc062723c751e8b465ee728b)
Start importing Assets/Scripts/APIs/Regras da casa/GetRules.cs using Guid(b01ca5de56fc15d438db4ca208169c3b) Importer(815301076,1909f56bfc062723c751e8b465ee728b)  -> (artifact id: 'e42c6806150219200dca0c24887c466d') in 0,003038 seconds
  Import took 0,005662 seconds .

========================================================================
Received Prepare
Registering precompiled user dll's ...
Registered in 0,000660 seconds.
Begin MonoManager ReloadAssembly
Native extension for LinuxStandalone target not found
Refreshing native plugins compatible for Editor in 0,45 ms, found 1 plugins.
Preloading 0 native plugins for Editor in 0,00 ms.
Invoked RoslynAnalysisRunner static constructor.
RoslynAnalysisRunner will not be running.
RoslynAnalysisRunner has terminated.
NullReferenceException: Object reference not set to an instance of an object
  at XT.Enhancer.Package..cctor () [0x00019] in /home/luis/Documents/LZ/Freelas/Financinha/[Unity] Financinha/Library/PackageCache/com.xeleh.enhancer@78e062bf54/Editor/Package.cs:10 
Rethrow as TypeInitializationException: The type initializer for 'XT.Enhancer.Package' threw an exception.


(Filename: Library/PackageCache/com.xeleh.enhancer@78e062bf54/Editor/Package.cs Line: 10)

Mono: successfully reloaded assembly
- Completed reload, in  0,700 seconds
Platform modules already initialized, skipping
Switching build target platform(24) subTarget(0) extendedPlatform(0) -> platform(13) subTarget(537395200) extendedPlatform(0)
Refreshing native plugins compatible for Editor in 0,39 ms, found 1 plugins.
Preloading 0 native plugins for Editor in 0,00 ms.
Unloading 1971 Unused Serialized files (Serialized files now loaded: 0)
System memory in use before: 86,0 MB.
System memory in use after: 86,1 MB.

Unloading 8 unused Assets to reduce memory usage. Loaded Objects now: 2452.
Total: 2,769800 ms (FindLiveObjects: 0,252211 ms CreateObjectMapping: 0,076466 ms MarkObjects: 2,404363 ms  DeleteObjects: 0,035163 ms)

AssetImportParameters requested are different than current active one (requested -> active):
  custom:graphics/normal-map-encoding: 01000000000000000000000000000000 -> 02000000000000000000000000000000
========================================================================
Received Prepare
Registering precompiled user dll's ...
Registered in 0,000789 seconds.
Begin MonoManager ReloadAssembly
Native extension for LinuxStandalone target not found
Refreshing native plugins compatible for Editor in 0,39 ms, found 1 plugins.
Preloading 0 native plugins for Editor in 0,00 ms.
Invoked RoslynAnalysisRunner static constructor.
RoslynAnalysisRunner will not be running.
RoslynAnalysisRunner has terminated.
NullReferenceException: Object reference not set to an instance of an object
  at XT.Enhancer.Package..cctor () [0x00019] in /home/luis/Documents/LZ/Freelas/Financinha/[Unity] Financinha/Library/PackageCache/com.xeleh.enhancer@78e062bf54/Editor/Package.cs:10 
Rethrow as TypeInitializationException: The type initializer for 'XT.Enhancer.Package' threw an exception.


(Filename: Library/PackageCache/com.xeleh.enhancer@78e062bf54/Editor/Package.cs Line: 10)

Mono: successfully reloaded assembly
- Completed reload, in  0,789 seconds
Platform modules already initialized, skipping
Switching build target platform(24) subTarget(0) extendedPlatform(0) -> platform(13) subTarget(537395200) extendedPlatform(0)
Refreshing native plugins compatible for Editor in 0,41 ms, found 1 plugins.
Preloading 0 native plugins for Editor in 0,00 ms.
Unloading 1971 Unused Serialized files (Serialized files now loaded: 0)
System memory in use before: 86,0 MB.
System memory in use after: 86,1 MB.

Unloading 8 unused Assets to reduce memory usage. Loaded Objects now: 2455.
Total: 3,623550 ms (FindLiveObjects: 0,301619 ms CreateObjectMapping: 0,120546 ms MarkObjects: 3,149023 ms  DeleteObjects: 0,050434 ms)

AssetImportParameters requested are different than current active one (requested -> active):
  custom:graphics/normal-map-encoding: 01000000000000000000000000000000 -> 02000000000000000000000000000000
========================================================================
Received Prepare
Registering precompiled user dll's ...
Registered in 0,000642 seconds.
Begin MonoManager ReloadAssembly
Native extension for LinuxStandalone target not found
Refreshing native plugins compatible for Editor in 0,49 ms, found 1 plugins.
Preloading 0 native plugins for Editor in 0,00 ms.
Invoked RoslynAnalysisRunner static constructor.
RoslynAnalysisRunner will not be running.
RoslynAnalysisRunner has terminated.
NullReferenceException: Object reference not set to an instance of an object
  at XT.Enhancer.Package..cctor () [0x00019] in /home/luis/Documents/LZ/Freelas/Financinha/[Unity] Financinha/Library/PackageCache/com.xeleh.enhancer@78e062bf54/Editor/Package.cs:10 
Rethrow as TypeInitializationException: The type initializer for 'XT.Enhancer.Package' threw an exception.


(Filename: Library/PackageCache/com.xeleh.enhancer@78e062bf54/Editor/Package.cs Line: 10)

Mono: successfully reloaded assembly
- Completed reload, in  0,713 seconds
Platform modules already initialized, skipping
Switching build target platform(24) subTarget(0) extendedPlatform(0) -> platform(13) subTarget(537395200) extendedPlatform(0)
Refreshing native plugins compatible for Editor in 0,42 ms, found 1 plugins.
Preloading 0 native plugins for Editor in 0,00 ms.
Unloading 1971 Unused Serialized files (Serialized files now loaded: 0)
System memory in use before: 86,0 MB.
System memory in use after: 86,1 MB.

Unloading 8 unused Assets to reduce memory usage. Loaded Objects now: 2458.
Total: 2,416469 ms (FindLiveObjects: 0,256790 ms CreateObjectMapping: 0,060503 ms MarkObjects: 2,059912 ms  DeleteObjects: 0,038067 ms)

AssetImportParameters requested are different than current active one (requested -> active):
  custom:graphics/normal-map-encoding: 01000000000000000000000000000000 -> 02000000000000000000000000000000
========================================================================
Received Import Request.
  Time since last request: 216,476249 seconds.
  path: Assets/Scripts/APIs/Regras da casa/GetRules.cs
  artifactKey: Guid(b01ca5de56fc15d438db4ca208169c3b) Importer(815301076,1909f56bfc062723c751e8b465ee728b)
Start importing Assets/Scripts/APIs/Regras da casa/GetRules.cs using Guid(b01ca5de56fc15d438db4ca208169c3b) Importer(815301076,1909f56bfc062723c751e8b465ee728b)  -> (artifact id: '43d8a139d7af77edfae96b0a975d94f6') in 0,002813 seconds
  Import took 0,005254 seconds .

========================================================================
Received Prepare
Registering precompiled user dll's ...
Registered in 0,000701 seconds.
Begin MonoManager ReloadAssembly
Native extension for LinuxStandalone target not found
Refreshing native plugins compatible for Editor in 0,43 ms, found 1 plugins.
Preloading 0 native plugins for Editor in 0,00 ms.
Invoked RoslynAnalysisRunner static constructor.
RoslynAnalysisRunner will not be running.
RoslynAnalysisRunner has terminated.
NullReferenceException: Object reference not set to an instance of an object
  at XT.Enhancer.Package..cctor () [0x00019] in /home/luis/Documents/LZ/Freelas/Financinha/[Unity] Financinha/Library/PackageCache/com.xeleh.enhancer@78e062bf54/Editor/Package.cs:10 
Rethrow as TypeInitializationException: The type initializer for 'XT.Enhancer.Package' threw an exception.


(Filename: Library/PackageCache/com.xeleh.enhancer@78e062bf54/Editor/Package.cs Line: 10)

Mono: successfully reloaded assembly
- Completed reload, in  0,707 seconds
Platform modules already initialized, skipping
Switching build target platform(24) subTarget(0) extendedPlatform(0) -> platform(13) subTarget(537395200) extendedPlatform(0)
Refreshing native plugins compatible for Editor in 0,43 ms, found 1 plugins.
Preloading 0 native plugins for Editor in 0,00 ms.
Unloading 1971 Unused Serialized files (Serialized files now loaded: 0)
System memory in use before: 86,0 MB.
System memory in use after: 86,1 MB.

Unloading 8 unused Assets to reduce memory usage. Loaded Objects now: 2461.
Total: 2,229873 ms (FindLiveObjects: 0,189684 ms CreateObjectMapping: 0,051648 ms MarkObjects: 1,955210 ms  DeleteObjects: 0,032262 ms)

AssetImportParameters requested are different than current active one (requested -> active):
  custom:graphics/normal-map-encoding: 01000000000000000000000000000000 -> 02000000000000000000000000000000
========================================================================
Received Prepare
Registering precompiled user dll's ...
Registered in 0,000612 seconds.
Begin MonoManager ReloadAssembly
Native extension for LinuxStandalone target not found
Refreshing native plugins compatible for Editor in 0,51 ms, found 1 plugins.
Preloading 0 native plugins for Editor in 0,00 ms.
Invoked RoslynAnalysisRunner static constructor.
RoslynAnalysisRunner will not be running.
RoslynAnalysisRunner has terminated.
NullReferenceException: Object reference not set to an instance of an object
  at XT.Enhancer.Package..cctor () [0x00019] in /home/luis/Documents/LZ/Freelas/Financinha/[Unity] Financinha/Library/PackageCache/com.xeleh.enhancer@78e062bf54/Editor/Package.cs:10 
Rethrow as TypeInitializationException: The type initializer for 'XT.Enhancer.Package' threw an exception.


(Filename: Library/PackageCache/com.xeleh.enhancer@78e062bf54/Editor/Package.cs Line: 10)

Mono: successfully reloaded assembly
- Completed reload, in  0,711 seconds
Platform modules already initialized, skipping
Switching build target platform(24) subTarget(0) extendedPlatform(0) -> platform(13) subTarget(537395200) extendedPlatform(0)
Refreshing native plugins compatible for Editor in 0,44 ms, found 1 plugins.
Preloading 0 native plugins for Editor in 0,00 ms.
Unloading 1971 Unused Serialized files (Serialized files now loaded: 0)
System memory in use before: 86,0 MB.
System memory in use after: 86,1 MB.

Unloading 8 unused Assets to reduce memory usage. Loaded Objects now: 2464.
Total: 2,309197 ms (FindLiveObjects: 0,181501 ms CreateObjectMapping: 0,051674 ms MarkObjects: 2,042763 ms  DeleteObjects: 0,031959 ms)

AssetImportParameters requested are different than current active one (requested -> active):
  custom:graphics/normal-map-encoding: 01000000000000000000000000000000 -> 02000000000000000000000000000000
========================================================================
Received Prepare
Registering precompiled user dll's ...
Registered in 0,000589 seconds.
Begin MonoManager ReloadAssembly
Native extension for LinuxStandalone target not found
Refreshing native plugins compatible for Editor in 0,43 ms, found 1 plugins.
Preloading 0 native plugins for Editor in 0,00 ms.
Invoked RoslynAnalysisRunner static constructor.
RoslynAnalysisRunner will not be running.
RoslynAnalysisRunner has terminated.
NullReferenceException: Object reference not set to an instance of an object
  at XT.Enhancer.Package..cctor () [0x00019] in /home/luis/Documents/LZ/Freelas/Financinha/[Unity] Financinha/Library/PackageCache/com.xeleh.enhancer@78e062bf54/Editor/Package.cs:10 
Rethrow as TypeInitializationException: The type initializer for 'XT.Enhancer.Package' threw an exception.


(Filename: Library/PackageCache/com.xeleh.enhancer@78e062bf54/Editor/Package.cs Line: 10)

Mono: successfully reloaded assembly
- Completed reload, in  0,827 seconds
Platform modules already initialized, skipping
Switching build target platform(24) subTarget(0) extendedPlatform(0) -> platform(13) subTarget(537395200) extendedPlatform(0)
Refreshing native plugins compatible for Editor in 0,42 ms, found 1 plugins.
Preloading 0 native plugins for Editor in 0,00 ms.
Unloading 1971 Unused Serialized files (Serialized files now loaded: 0)
System memory in use before: 86,1 MB.
System memory in use after: 86,1 MB.

Unloading 8 unused Assets to reduce memory usage. Loaded Objects now: 2467.
Total: 2,402020 ms (FindLiveObjects: 0,217689 ms CreateObjectMapping: 0,051289 ms MarkObjects: 2,096192 ms  DeleteObjects: 0,035213 ms)

AssetImportParameters requested are different than current active one (requested -> active):
  custom:graphics/normal-map-encoding: 01000000000000000000000000000000 -> 02000000000000000000000000000000
========================================================================
Received Prepare
Registering precompiled user dll's ...
Registered in 0,000657 seconds.
Begin MonoManager ReloadAssembly
Native extension for LinuxStandalone target not found
Refreshing native plugins compatible for Editor in 0,39 ms, found 1 plugins.
Preloading 0 native plugins for Editor in 0,00 ms.
Invoked RoslynAnalysisRunner static constructor.
RoslynAnalysisRunner will not be running.
RoslynAnalysisRunner has terminated.
NullReferenceException: Object reference not set to an instance of an object
  at XT.Enhancer.Package..cctor () [0x00019] in /home/luis/Documents/LZ/Freelas/Financinha/[Unity] Financinha/Library/PackageCache/com.xeleh.enhancer@78e062bf54/Editor/Package.cs:10 
Rethrow as TypeInitializationException: The type initializer for 'XT.Enhancer.Package' threw an exception.


(Filename: Library/PackageCache/com.xeleh.enhancer@78e062bf54/Editor/Package.cs Line: 10)

Mono: successfully reloaded assembly
- Completed reload, in  0,728 seconds
Platform modules already initialized, skipping
Switching build target platform(24) subTarget(0) extendedPlatform(0) -> platform(13) subTarget(537395200) extendedPlatform(0)
Refreshing native plugins compatible for Editor in 0,42 ms, found 1 plugins.
Preloading 0 native plugins for Editor in 0,00 ms.
Unloading 1971 Unused Serialized files (Serialized files now loaded: 0)
System memory in use before: 86,1 MB.
System memory in use after: 86,2 MB.

Unloading 8 unused Assets to reduce memory usage. Loaded Objects now: 2470.
Total: 2,372675 ms (FindLiveObjects: 0,217714 ms CreateObjectMapping: 0,062070 ms MarkObjects: 2,060040 ms  DeleteObjects: 0,032107 ms)

AssetImportParameters requested are different than current active one (requested -> active):
  custom:graphics/normal-map-encoding: 01000000000000000000000000000000 -> 02000000000000000000000000000000
========================================================================
Received Prepare
Registering precompiled user dll's ...
Registered in 0,000647 seconds.
Begin MonoManager ReloadAssembly
Native extension for LinuxStandalone target not found
Refreshing native plugins compatible for Editor in 0,45 ms, found 1 plugins.
Preloading 0 native plugins for Editor in 0,00 ms.
Invoked RoslynAnalysisRunner static constructor.
RoslynAnalysisRunner will not be running.
RoslynAnalysisRunner has terminated.
NullReferenceException: Object reference not set to an instance of an object
  at XT.Enhancer.Package..cctor () [0x00019] in /home/luis/Documents/LZ/Freelas/Financinha/[Unity] Financinha/Library/PackageCache/com.xeleh.enhancer@78e062bf54/Editor/Package.cs:10 
Rethrow as TypeInitializationException: The type initializer for 'XT.Enhancer.Package' threw an exception.


(Filename: Library/PackageCache/com.xeleh.enhancer@78e062bf54/Editor/Package.cs Line: 10)

Mono: successfully reloaded assembly
- Completed reload, in  0,691 seconds
Platform modules already initialized, skipping
Switching build target platform(24) subTarget(0) extendedPlatform(0) -> platform(13) subTarget(537395200) extendedPlatform(0)
Refreshing native plugins compatible for Editor in 0,45 ms, found 1 plugins.
Preloading 0 native plugins for Editor in 0,00 ms.
Unloading 1971 Unused Serialized files (Serialized files now loaded: 0)
System memory in use before: 86,1 MB.
System memory in use after: 86,2 MB.

Unloading 8 unused Assets to reduce memory usage. Loaded Objects now: 2473.
Total: 2,597842 ms (FindLiveObjects: 0,235636 ms CreateObjectMapping: 0,065847 ms MarkObjects: 2,257225 ms  DeleteObjects: 0,038035 ms)

AssetImportParameters requested are different than current active one (requested -> active):
  custom:graphics/normal-map-encoding: 01000000000000000000000000000000 -> 02000000000000000000000000000000
========================================================================
Received Import Request.
  Time since last request: 365,200751 seconds.
  path: Assets/Scripts/APIs/Regras da casa/GetRules.cs
  artifactKey: Guid(b01ca5de56fc15d438db4ca208169c3b) Importer(815301076,1909f56bfc062723c751e8b465ee728b)
Start importing Assets/Scripts/APIs/Regras da casa/GetRules.cs using Guid(b01ca5de56fc15d438db4ca208169c3b) Importer(815301076,1909f56bfc062723c751e8b465ee728b)  -> (artifact id: '0bba74fad243f57d25ef2708aef84ab5') in 0,002847 seconds
  Import took 0,005631 seconds .

========================================================================
Received Import Request.
  Time since last request: 0,004520 seconds.
  path: Assets/Scripts/APIs/Regras da casa/GetRules.cs
  artifactKey: Guid(b01ca5de56fc15d438db4ca208169c3b) Importer(815301076,1909f56bfc062723c751e8b465ee728b)
Start importing Assets/Scripts/APIs/Regras da casa/GetRules.cs using Guid(b01ca5de56fc15d438db4ca208169c3b) Importer(815301076,1909f56bfc062723c751e8b465ee728b)  -> (artifact id: '0bba74fad243f57d25ef2708aef84ab5') in 0,000532 seconds
  Import took 0,003384 seconds .

========================================================================
Received Prepare
Registering precompiled user dll's ...
Registered in 0,000725 seconds.
Begin MonoManager ReloadAssembly
Native extension for LinuxStandalone target not found
Refreshing native plugins compatible for Editor in 0,44 ms, found 1 plugins.
Preloading 0 native plugins for Editor in 0,00 ms.
Invoked RoslynAnalysisRunner static constructor.
RoslynAnalysisRunner will not be running.
RoslynAnalysisRunner has terminated.
NullReferenceException: Object reference not set to an instance of an object
  at XT.Enhancer.Package..cctor () [0x00019] in /home/luis/Documents/LZ/Freelas/Financinha/[Unity] Financinha/Library/PackageCache/com.xeleh.enhancer@78e062bf54/Editor/Package.cs:10 
Rethrow as TypeInitializationException: The type initializer for 'XT.Enhancer.Package' threw an exception.


(Filename: Library/PackageCache/com.xeleh.enhancer@78e062bf54/Editor/Package.cs Line: 10)

Mono: successfully reloaded assembly
- Completed reload, in  0,755 seconds
Platform modules already initialized, skipping
Switching build target platform(24) subTarget(0) extendedPlatform(0) -> platform(13) subTarget(537395200) extendedPlatform(0)
Refreshing native plugins compatible for Editor in 0,42 ms, found 1 plugins.
Preloading 0 native plugins for Editor in 0,00 ms.
Unloading 1971 Unused Serialized files (Serialized files now loaded: 0)
System memory in use before: 86,1 MB.
System memory in use after: 86,2 MB.

Unloading 8 unused Assets to reduce memory usage. Loaded Objects now: 2476.
Total: 2,532663 ms (FindLiveObjects: 0,217195 ms CreateObjectMapping: 0,053789 ms MarkObjects: 2,225032 ms  DeleteObjects: 0,035658 ms)

AssetImportParameters requested are different than current active one (requested -> active):
  custom:graphics/normal-map-encoding: 01000000000000000000000000000000 -> 02000000000000000000000000000000
========================================================================
Received Import Request.
  Time since last request: 40,499721 seconds.
  path: Assets/Scripts/APIs/Regras da casa/GetRules.cs
  artifactKey: Guid(b01ca5de56fc15d438db4ca208169c3b) Importer(815301076,1909f56bfc062723c751e8b465ee728b)
Start importing Assets/Scripts/APIs/Regras da casa/GetRules.cs using Guid(b01ca5de56fc15d438db4ca208169c3b) Importer(815301076,1909f56bfc062723c751e8b465ee728b)  -> (artifact id: 'be6b6e42f0a0a8ec633850bbd738095f') in 0,003165 seconds
  Import took 0,006017 seconds .

========================================================================
Received Prepare
Registering precompiled user dll's ...
Registered in 0,000955 seconds.
Begin MonoManager ReloadAssembly
Native extension for LinuxStandalone target not found
Refreshing native plugins compatible for Editor in 0,44 ms, found 1 plugins.
Preloading 0 native plugins for Editor in 0,00 ms.
Invoked RoslynAnalysisRunner static constructor.
RoslynAnalysisRunner will not be running.
RoslynAnalysisRunner has terminated.
NullReferenceException: Object reference not set to an instance of an object
  at XT.Enhancer.Package..cctor () [0x00019] in /home/luis/Documents/LZ/Freelas/Financinha/[Unity] Financinha/Library/PackageCache/com.xeleh.enhancer@78e062bf54/Editor/Package.cs:10 
Rethrow as TypeInitializationException: The type initializer for 'XT.Enhancer.Package' threw an exception.


(Filename: Library/PackageCache/com.xeleh.enhancer@78e062bf54/Editor/Package.cs Line: 10)

Mono: successfully reloaded assembly
- Completed reload, in  0,791 seconds
Platform modules already initialized, skipping
Switching build target platform(24) subTarget(0) extendedPlatform(0) -> platform(13) subTarget(537395200) extendedPlatform(0)
Refreshing native plugins compatible for Editor in 0,52 ms, found 1 plugins.
Preloading 0 native plugins for Editor in 0,00 ms.
Unloading 1971 Unused Serialized files (Serialized files now loaded: 0)
System memory in use before: 86,1 MB.
System memory in use after: 86,2 MB.

Unloading 8 unused Assets to reduce memory usage. Loaded Objects now: 2479.
Total: 2,575141 ms (FindLiveObjects: 0,226999 ms CreateObjectMapping: 0,067093 ms MarkObjects: 2,241594 ms  DeleteObjects: 0,038576 ms)

AssetImportParameters requested are different than current active one (requested -> active):
  custom:graphics/normal-map-encoding: 01000000000000000000000000000000 -> 02000000000000000000000000000000
========================================================================
Received Import Request.
  Time since last request: 209,306404 seconds.
  path: Assets/Scripts/APIs/TesteListaRenderizada.cs
  artifactKey: Guid(5125afa0b130e0e46b7f7615c19ecebd) Importer(815301076,1909f56bfc062723c751e8b465ee728b)
Start importing Assets/Scripts/APIs/TesteListaRenderizada.cs using Guid(5125afa0b130e0e46b7f7615c19ecebd) Importer(815301076,1909f56bfc062723c751e8b465ee728b)  -> (artifact id: 'daf961d60640268b104b813c5d6c63cd') in 0,003335 seconds
  Import took 0,006435 seconds .

========================================================================
Received Import Request.
  Time since last request: 0,001577 seconds.
  path: Assets/Scripts/APIs/TesteListaRenderizada.cs
  artifactKey: Guid(5125afa0b130e0e46b7f7615c19ecebd) Importer(815301076,1909f56bfc062723c751e8b465ee728b)
Start importing Assets/Scripts/APIs/TesteListaRenderizada.cs using Guid(5125afa0b130e0e46b7f7615c19ecebd) Importer(815301076,1909f56bfc062723c751e8b465ee728b)  -> (artifact id: 'daf961d60640268b104b813c5d6c63cd') in 0,000531 seconds
  Import took 0,003398 seconds .

========================================================================
Received Prepare
Registering precompiled user dll's ...
Registered in 0,000871 seconds.
Begin MonoManager ReloadAssembly
Native extension for LinuxStandalone target not found
Refreshing native plugins compatible for Editor in 0,43 ms, found 1 plugins.
Preloading 0 native plugins for Editor in 0,00 ms.
Invoked RoslynAnalysisRunner static constructor.
RoslynAnalysisRunner will not be running.
RoslynAnalysisRunner has terminated.
NullReferenceException: Object reference not set to an instance of an object
  at XT.Enhancer.Package..cctor () [0x00019] in /home/luis/Documents/LZ/Freelas/Financinha/[Unity] Financinha/Library/PackageCache/com.xeleh.enhancer@78e062bf54/Editor/Package.cs:10 
Rethrow as TypeInitializationException: The type initializer for 'XT.Enhancer.Package' threw an exception.


(Filename: Library/PackageCache/com.xeleh.enhancer@78e062bf54/Editor/Package.cs Line: 10)

Mono: successfully reloaded assembly
- Completed reload, in  0,706 seconds
Platform modules already initialized, skipping
Switching build target platform(24) subTarget(0) extendedPlatform(0) -> platform(13) subTarget(537395200) extendedPlatform(0)
Refreshing native plugins compatible for Editor in 0,42 ms, found 1 plugins.
Preloading 0 native plugins for Editor in 0,00 ms.
Unloading 1971 Unused Serialized files (Serialized files now loaded: 0)
System memory in use before: 86,1 MB.
System memory in use after: 86,2 MB.

Unloading 8 unused Assets to reduce memory usage. Loaded Objects now: 2482.
Total: 2,406035 ms (FindLiveObjects: 0,214877 ms CreateObjectMapping: 0,051843 ms MarkObjects: 2,100468 ms  DeleteObjects: 0,037314 ms)

AssetImportParameters requested are different than current active one (requested -> active):
  custom:graphics/normal-map-encoding: 01000000000000000000000000000000 -> 02000000000000000000000000000000
========================================================================
Received Prepare
Registering precompiled user dll's ...
Registered in 0,000629 seconds.
Begin MonoManager ReloadAssembly
Native extension for LinuxStandalone target not found
Refreshing native plugins compatible for Editor in 0,43 ms, found 1 plugins.
Preloading 0 native plugins for Editor in 0,00 ms.
Invoked RoslynAnalysisRunner static constructor.
RoslynAnalysisRunner will not be running.
RoslynAnalysisRunner has terminated.
NullReferenceException: Object reference not set to an instance of an object
  at XT.Enhancer.Package..cctor () [0x00019] in /home/luis/Documents/LZ/Freelas/Financinha/[Unity] Financinha/Library/PackageCache/com.xeleh.enhancer@78e062bf54/Editor/Package.cs:10 
Rethrow as TypeInitializationException: The type initializer for 'XT.Enhancer.Package' threw an exception.


(Filename: Library/PackageCache/com.xeleh.enhancer@78e062bf54/Editor/Package.cs Line: 10)

Mono: successfully reloaded assembly
- Completed reload, in  0,812 seconds
Platform modules already initialized, skipping
Switching build target platform(24) subTarget(0) extendedPlatform(0) -> platform(13) subTarget(537395200) extendedPlatform(0)
Refreshing native plugins compatible for Editor in 0,42 ms, found 1 plugins.
Preloading 0 native plugins for Editor in 0,00 ms.
Unloading 1971 Unused Serialized files (Serialized files now loaded: 0)
System memory in use before: 86,1 MB.
System memory in use after: 86,2 MB.

Unloading 8 unused Assets to reduce memory usage. Loaded Objects now: 2485.
Total: 2,499070 ms (FindLiveObjects: 0,203231 ms CreateObjectMapping: 0,067370 ms MarkObjects: 2,192221 ms  DeleteObjects: 0,035320 ms)

AssetImportParameters requested are different than current active one (requested -> active):
  custom:graphics/normal-map-encoding: 01000000000000000000000000000000 -> 02000000000000000000000000000000
========================================================================
Received Prepare
Registering precompiled user dll's ...
Registered in 0,001119 seconds.
Begin MonoManager ReloadAssembly
Native extension for LinuxStandalone target not found
Refreshing native plugins compatible for Editor in 0,44 ms, found 1 plugins.
Preloading 0 native plugins for Editor in 0,00 ms.
Invoked RoslynAnalysisRunner static constructor.
RoslynAnalysisRunner will not be running.
RoslynAnalysisRunner has terminated.
NullReferenceException: Object reference not set to an instance of an object
  at XT.Enhancer.Package..cctor () [0x00019] in /home/luis/Documents/LZ/Freelas/Financinha/[Unity] Financinha/Library/PackageCache/com.xeleh.enhancer@78e062bf54/Editor/Package.cs:10 
Rethrow as TypeInitializationException: The type initializer for 'XT.Enhancer.Package' threw an exception.


(Filename: Library/PackageCache/com.xeleh.enhancer@78e062bf54/Editor/Package.cs Line: 10)

Mono: successfully reloaded assembly
- Completed reload, in  0,775 seconds
Platform modules already initialized, skipping
Switching build target platform(24) subTarget(0) extendedPlatform(0) -> platform(13) subTarget(537395200) extendedPlatform(0)
Refreshing native plugins compatible for Editor in 0,45 ms, found 1 plugins.
Preloading 0 native plugins for Editor in 0,00 ms.
Unloading 1971 Unused Serialized files (Serialized files now loaded: 0)
System memory in use before: 86,1 MB.
System memory in use after: 86,2 MB.

Unloading 8 unused Assets to reduce memory usage. Loaded Objects now: 2488.
Total: 2,554986 ms (FindLiveObjects: 0,230977 ms CreateObjectMapping: 0,057782 ms MarkObjects: 2,228527 ms  DeleteObjects: 0,036566 ms)

AssetImportParameters requested are different than current active one (requested -> active):
  custom:graphics/normal-map-encoding: 01000000000000000000000000000000 -> 02000000000000000000000000000000
========================================================================
Received Prepare
Registering precompiled user dll's ...
Registered in 0,000684 seconds.
Begin MonoManager ReloadAssembly
Native extension for LinuxStandalone target not found
Refreshing native plugins compatible for Editor in 0,44 ms, found 1 plugins.
Preloading 0 native plugins for Editor in 0,00 ms.
Invoked RoslynAnalysisRunner static constructor.
RoslynAnalysisRunner will not be running.
RoslynAnalysisRunner has terminated.
NullReferenceException: Object reference not set to an instance of an object
  at XT.Enhancer.Package..cctor () [0x00019] in /home/luis/Documents/LZ/Freelas/Financinha/[Unity] Financinha/Library/PackageCache/com.xeleh.enhancer@78e062bf54/Editor/Package.cs:10 
Rethrow as TypeInitializationException: The type initializer for 'XT.Enhancer.Package' threw an exception.


(Filename: Library/PackageCache/com.xeleh.enhancer@78e062bf54/Editor/Package.cs Line: 10)

Mono: successfully reloaded assembly
- Completed reload, in  0,752 seconds
Platform modules already initialized, skipping
Switching build target platform(24) subTarget(0) extendedPlatform(0) -> platform(13) subTarget(537395200) extendedPlatform(0)
Refreshing native plugins compatible for Editor in 0,44 ms, found 1 plugins.
Preloading 0 native plugins for Editor in 0,00 ms.
Unloading 1971 Unused Serialized files (Serialized files now loaded: 0)
System memory in use before: 86,1 MB.
System memory in use after: 86,2 MB.

Unloading 8 unused Assets to reduce memory usage. Loaded Objects now: 2491.
Total: 2,517324 ms (FindLiveObjects: 0,214682 ms CreateObjectMapping: 0,052979 ms MarkObjects: 2,212475 ms  DeleteObjects: 0,035864 ms)

AssetImportParameters requested are different than current active one (requested -> active):
  custom:graphics/normal-map-encoding: 01000000000000000000000000000000 -> 02000000000000000000000000000000
========================================================================
Received Prepare
Registering precompiled user dll's ...
Registered in 0,000957 seconds.
Begin MonoManager ReloadAssembly
Native extension for LinuxStandalone target not found
Refreshing native plugins compatible for Editor in 0,44 ms, found 1 plugins.
Preloading 0 native plugins for Editor in 0,00 ms.
Invoked RoslynAnalysisRunner static constructor.
RoslynAnalysisRunner will not be running.
RoslynAnalysisRunner has terminated.
NullReferenceException: Object reference not set to an instance of an object
  at XT.Enhancer.Package..cctor () [0x00019] in /home/luis/Documents/LZ/Freelas/Financinha/[Unity] Financinha/Library/PackageCache/com.xeleh.enhancer@78e062bf54/Editor/Package.cs:10 
Rethrow as TypeInitializationException: The type initializer for 'XT.Enhancer.Package' threw an exception.


(Filename: Library/PackageCache/com.xeleh.enhancer@78e062bf54/Editor/Package.cs Line: 10)

Mono: successfully reloaded assembly
- Completed reload, in  0,804 seconds
Platform modules already initialized, skipping
Switching build target platform(24) subTarget(0) extendedPlatform(0) -> platform(13) subTarget(537395200) extendedPlatform(0)
Refreshing native plugins compatible for Editor in 0,42 ms, found 1 plugins.
Preloading 0 native plugins for Editor in 0,00 ms.
Unloading 1971 Unused Serialized files (Serialized files now loaded: 0)
System memory in use before: 86,1 MB.
System memory in use after: 86,2 MB.

Unloading 8 unused Assets to reduce memory usage. Loaded Objects now: 2494.
Total: 2,294652 ms (FindLiveObjects: 0,193156 ms CreateObjectMapping: 0,058604 ms MarkObjects: 2,010188 ms  DeleteObjects: 0,031813 ms)

AssetImportParameters requested are different than current active one (requested -> active):
  custom:graphics/normal-map-encoding: 01000000000000000000000000000000 -> 02000000000000000000000000000000
========================================================================
Received Prepare
Registering precompiled user dll's ...
Registered in 0,000712 seconds.
Begin MonoManager ReloadAssembly
Native extension for LinuxStandalone target not found
Refreshing native plugins compatible for Editor in 0,43 ms, found 1 plugins.
Preloading 0 native plugins for Editor in 0,00 ms.
Invoked RoslynAnalysisRunner static constructor.
RoslynAnalysisRunner will not be running.
RoslynAnalysisRunner has terminated.
NullReferenceException: Object reference not set to an instance of an object
  at XT.Enhancer.Package..cctor () [0x00019] in /home/luis/Documents/LZ/Freelas/Financinha/[Unity] Financinha/Library/PackageCache/com.xeleh.enhancer@78e062bf54/Editor/Package.cs:10 
Rethrow as TypeInitializationException: The type initializer for 'XT.Enhancer.Package' threw an exception.


(Filename: Library/PackageCache/com.xeleh.enhancer@78e062bf54/Editor/Package.cs Line: 10)

Mono: successfully reloaded assembly
- Completed reload, in  0,847 seconds
Platform modules already initialized, skipping
Switching build target platform(24) subTarget(0) extendedPlatform(0) -> platform(13) subTarget(537395200) extendedPlatform(0)
Refreshing native plugins compatible for Editor in 0,42 ms, found 1 plugins.
Preloading 0 native plugins for Editor in 0,00 ms.
Unloading 1971 Unused Serialized files (Serialized files now loaded: 0)
System memory in use before: 86,1 MB.
System memory in use after: 86,2 MB.

Unloading 8 unused Assets to reduce memory usage. Loaded Objects now: 2497.
Total: 2,400656 ms (FindLiveObjects: 0,207036 ms CreateObjectMapping: 0,051658 ms MarkObjects: 2,104707 ms  DeleteObjects: 0,036162 ms)

AssetImportParameters requested are different than current active one (requested -> active):
  custom:graphics/normal-map-encoding: 01000000000000000000000000000000 -> 02000000000000000000000000000000
========================================================================
Received Prepare
Registering precompiled user dll's ...
Registered in 0,000612 seconds.
Begin MonoManager ReloadAssembly
Native extension for LinuxStandalone target not found
Refreshing native plugins compatible for Editor in 0,49 ms, found 1 plugins.
Preloading 0 native plugins for Editor in 0,00 ms.
Invoked RoslynAnalysisRunner static constructor.
RoslynAnalysisRunner will not be running.
RoslynAnalysisRunner has terminated.
NullReferenceException: Object reference not set to an instance of an object
  at XT.Enhancer.Package..cctor () [0x00019] in /home/luis/Documents/LZ/Freelas/Financinha/[Unity] Financinha/Library/PackageCache/com.xeleh.enhancer@78e062bf54/Editor/Package.cs:10 
Rethrow as TypeInitializationException: The type initializer for 'XT.Enhancer.Package' threw an exception.


(Filename: Library/PackageCache/com.xeleh.enhancer@78e062bf54/Editor/Package.cs Line: 10)

Mono: successfully reloaded assembly
- Completed reload, in  0,792 seconds
Platform modules already initialized, skipping
Switching build target platform(24) subTarget(0) extendedPlatform(0) -> platform(13) subTarget(537395200) extendedPlatform(0)
Refreshing native plugins compatible for Editor in 0,44 ms, found 1 plugins.
Preloading 0 native plugins for Editor in 0,00 ms.
Unloading 1971 Unused Serialized files (Serialized files now loaded: 0)
System memory in use before: 86,1 MB.
System memory in use after: 86,2 MB.

Unloading 8 unused Assets to reduce memory usage. Loaded Objects now: 2500.
Total: 7,095800 ms (FindLiveObjects: 0,534610 ms CreateObjectMapping: 0,252599 ms MarkObjects: 6,227448 ms  DeleteObjects: 0,077572 ms)

AssetImportParameters requested are different than current active one (requested -> active):
  custom:graphics/normal-map-encoding: 01000000000000000000000000000000 -> 02000000000000000000000000000000
========================================================================
Received Prepare
Registering precompiled user dll's ...
Registered in 0,000888 seconds.
Begin MonoManager ReloadAssembly
Native extension for LinuxStandalone target not found
Refreshing native plugins compatible for Editor in 0,44 ms, found 1 plugins.
Preloading 0 native plugins for Editor in 0,00 ms.
Invoked RoslynAnalysisRunner static constructor.
RoslynAnalysisRunner will not be running.
RoslynAnalysisRunner has terminated.
NullReferenceException: Object reference not set to an instance of an object
  at XT.Enhancer.Package..cctor () [0x00019] in /home/luis/Documents/LZ/Freelas/Financinha/[Unity] Financinha/Library/PackageCache/com.xeleh.enhancer@78e062bf54/Editor/Package.cs:10 
Rethrow as TypeInitializationException: The type initializer for 'XT.Enhancer.Package' threw an exception.


(Filename: Library/PackageCache/com.xeleh.enhancer@78e062bf54/Editor/Package.cs Line: 10)

Mono: successfully reloaded assembly
- Completed reload, in  0,914 seconds
Platform modules already initialized, skipping
Switching build target platform(24) subTarget(0) extendedPlatform(0) -> platform(13) subTarget(537395200) extendedPlatform(0)
Refreshing native plugins compatible for Editor in 0,42 ms, found 1 plugins.
Preloading 0 native plugins for Editor in 0,00 ms.
Unloading 1971 Unused Serialized files (Serialized files now loaded: 0)
System memory in use before: 86,2 MB.
System memory in use after: 86,2 MB.

Unloading 8 unused Assets to reduce memory usage. Loaded Objects now: 2503.
Total: 5,396955 ms (FindLiveObjects: 0,385641 ms CreateObjectMapping: 0,181581 ms MarkObjects: 4,765124 ms  DeleteObjects: 0,062305 ms)

AssetImportParameters requested are different than current active one (requested -> active):
  custom:graphics/normal-map-encoding: 01000000000000000000000000000000 -> 02000000000000000000000000000000
========================================================================
Received Prepare
Registering precompiled user dll's ...
Registered in 0,001029 seconds.
Begin MonoManager ReloadAssembly
Native extension for LinuxStandalone target not found
Refreshing native plugins compatible for Editor in 0,39 ms, found 1 plugins.
Preloading 0 native plugins for Editor in 0,00 ms.
Invoked RoslynAnalysisRunner static constructor.
RoslynAnalysisRunner will not be running.
RoslynAnalysisRunner has terminated.
NullReferenceException: Object reference not set to an instance of an object
  at XT.Enhancer.Package..cctor () [0x00019] in /home/luis/Documents/LZ/Freelas/Financinha/[Unity] Financinha/Library/PackageCache/com.xeleh.enhancer@78e062bf54/Editor/Package.cs:10 
Rethrow as TypeInitializationException: The type initializer for 'XT.Enhancer.Package' threw an exception.


(Filename: Library/PackageCache/com.xeleh.enhancer@78e062bf54/Editor/Package.cs Line: 10)

Mono: successfully reloaded assembly
- Completed reload, in  0,771 seconds
Platform modules already initialized, skipping
Switching build target platform(24) subTarget(0) extendedPlatform(0) -> platform(13) subTarget(537395200) extendedPlatform(0)
Refreshing native plugins compatible for Editor in 0,42 ms, found 1 plugins.
Preloading 0 native plugins for Editor in 0,00 ms.
Unloading 1971 Unused Serialized files (Serialized files now loaded: 0)
System memory in use before: 86,2 MB.
System memory in use after: 86,3 MB.

Unloading 8 unused Assets to reduce memory usage. Loaded Objects now: 2506.
Total: 2,455423 ms (FindLiveObjects: 0,222124 ms CreateObjectMapping: 0,052973 ms MarkObjects: 2,139178 ms  DeleteObjects: 0,039550 ms)

AssetImportParameters requested are different than current active one (requested -> active):
  custom:graphics/normal-map-encoding: 01000000000000000000000000000000 -> 02000000000000000000000000000000
========================================================================
Received Prepare
Registering precompiled user dll's ...
Registered in 0,000693 seconds.
Begin MonoManager ReloadAssembly
Native extension for LinuxStandalone target not found
Refreshing native plugins compatible for Editor in 0,49 ms, found 1 plugins.
Preloading 0 native plugins for Editor in 0,00 ms.
Invoked RoslynAnalysisRunner static constructor.
RoslynAnalysisRunner will not be running.
RoslynAnalysisRunner has terminated.
NullReferenceException: Object reference not set to an instance of an object
  at XT.Enhancer.Package..cctor () [0x00019] in /home/luis/Documents/LZ/Freelas/Financinha/[Unity] Financinha/Library/PackageCache/com.xeleh.enhancer@78e062bf54/Editor/Package.cs:10 
Rethrow as TypeInitializationException: The type initializer for 'XT.Enhancer.Package' threw an exception.


(Filename: Library/PackageCache/com.xeleh.enhancer@78e062bf54/Editor/Package.cs Line: 10)

Mono: successfully reloaded assembly
- Completed reload, in  0,754 seconds
Platform modules already initialized, skipping
Switching build target platform(24) subTarget(0) extendedPlatform(0) -> platform(13) subTarget(537395200) extendedPlatform(0)
Refreshing native plugins compatible for Editor in 0,64 ms, found 1 plugins.
Preloading 0 native plugins for Editor in 0,00 ms.
Unloading 1971 Unused Serialized files (Serialized files now loaded: 0)
System memory in use before: 86,2 MB.
System memory in use after: 86,3 MB.

Unloading 8 unused Assets to reduce memory usage. Loaded Objects now: 2509.
Total: 2,929569 ms (FindLiveObjects: 0,218385 ms CreateObjectMapping: 0,077429 ms MarkObjects: 2,590447 ms  DeleteObjects: 0,041446 ms)

AssetImportParameters requested are different than current active one (requested -> active):
  custom:graphics/normal-map-encoding: 01000000000000000000000000000000 -> 02000000000000000000000000000000
========================================================================
Received Prepare
Registering precompiled user dll's ...
Registered in 0,000667 seconds.
Begin MonoManager ReloadAssembly
Native extension for LinuxStandalone target not found
Refreshing native plugins compatible for Editor in 0,49 ms, found 1 plugins.
Preloading 0 native plugins for Editor in 0,00 ms.
Invoked RoslynAnalysisRunner static constructor.
RoslynAnalysisRunner will not be running.
RoslynAnalysisRunner has terminated.
NullReferenceException: Object reference not set to an instance of an object
  at XT.Enhancer.Package..cctor () [0x00019] in /home/luis/Documents/LZ/Freelas/Financinha/[Unity] Financinha/Library/PackageCache/com.xeleh.enhancer@78e062bf54/Editor/Package.cs:10 
Rethrow as TypeInitializationException: The type initializer for 'XT.Enhancer.Package' threw an exception.


(Filename: Library/PackageCache/com.xeleh.enhancer@78e062bf54/Editor/Package.cs Line: 10)

Mono: successfully reloaded assembly
- Completed reload, in  0,904 seconds
Platform modules already initialized, skipping
Switching build target platform(24) subTarget(0) extendedPlatform(0) -> platform(13) subTarget(537395200) extendedPlatform(0)
Refreshing native plugins compatible for Editor in 0,43 ms, found 1 plugins.
Preloading 0 native plugins for Editor in 0,00 ms.
Unloading 1971 Unused Serialized files (Serialized files now loaded: 0)
System memory in use before: 86,2 MB.
System memory in use after: 86,3 MB.

Unloading 8 unused Assets to reduce memory usage. Loaded Objects now: 2512.
Total: 2,497406 ms (FindLiveObjects: 0,192810 ms CreateObjectMapping: 0,055613 ms MarkObjects: 2,213968 ms  DeleteObjects: 0,033961 ms)

AssetImportParameters requested are different than current active one (requested -> active):
  custom:graphics/normal-map-encoding: 01000000000000000000000000000000 -> 02000000000000000000000000000000
========================================================================
Received Prepare
Registering precompiled user dll's ...
Registered in 0,000644 seconds.
Begin MonoManager ReloadAssembly
Native extension for LinuxStandalone target not found
Refreshing native plugins compatible for Editor in 0,42 ms, found 1 plugins.
Preloading 0 native plugins for Editor in 0,00 ms.
Invoked RoslynAnalysisRunner static constructor.
RoslynAnalysisRunner will not be running.
RoslynAnalysisRunner has terminated.
NullReferenceException: Object reference not set to an instance of an object
  at XT.Enhancer.Package..cctor () [0x00019] in /home/luis/Documents/LZ/Freelas/Financinha/[Unity] Financinha/Library/PackageCache/com.xeleh.enhancer@78e062bf54/Editor/Package.cs:10 
Rethrow as TypeInitializationException: The type initializer for 'XT.Enhancer.Package' threw an exception.


(Filename: Library/PackageCache/com.xeleh.enhancer@78e062bf54/Editor/Package.cs Line: 10)

Mono: successfully reloaded assembly
- Completed reload, in  0,874 seconds
Platform modules already initialized, skipping
Switching build target platform(24) subTarget(0) extendedPlatform(0) -> platform(13) subTarget(537395200) extendedPlatform(0)
Refreshing native plugins compatible for Editor in 0,42 ms, found 1 plugins.
Preloading 0 native plugins for Editor in 0,00 ms.
Unloading 1971 Unused Serialized files (Serialized files now loaded: 0)
System memory in use before: 86,2 MB.
System memory in use after: 86,3 MB.

Unloading 8 unused Assets to reduce memory usage. Loaded Objects now: 2515.
Total: 2,923770 ms (FindLiveObjects: 0,215023 ms CreateObjectMapping: 0,070381 ms MarkObjects: 2,595418 ms  DeleteObjects: 0,041463 ms)

AssetImportParameters requested are different than current active one (requested -> active):
  custom:graphics/normal-map-encoding: 01000000000000000000000000000000 -> 02000000000000000000000000000000
========================================================================
Received Prepare
Registering precompiled user dll's ...
Registered in 0,000727 seconds.
Begin MonoManager ReloadAssembly
Native extension for LinuxStandalone target not found
Refreshing native plugins compatible for Editor in 0,45 ms, found 1 plugins.
Preloading 0 native plugins for Editor in 0,00 ms.
Invoked RoslynAnalysisRunner static constructor.
RoslynAnalysisRunner will not be running.
RoslynAnalysisRunner has terminated.
NullReferenceException: Object reference not set to an instance of an object
  at XT.Enhancer.Package..cctor () [0x00019] in /home/luis/Documents/LZ/Freelas/Financinha/[Unity] Financinha/Library/PackageCache/com.xeleh.enhancer@78e062bf54/Editor/Package.cs:10 
Rethrow as TypeInitializationException: The type initializer for 'XT.Enhancer.Package' threw an exception.


(Filename: Library/PackageCache/com.xeleh.enhancer@78e062bf54/Editor/Package.cs Line: 10)

Mono: successfully reloaded assembly
- Completed reload, in  0,801 seconds
Platform modules already initialized, skipping
Switching build target platform(24) subTarget(0) extendedPlatform(0) -> platform(13) subTarget(537395200) extendedPlatform(0)
Refreshing native plugins compatible for Editor in 0,43 ms, found 1 plugins.
Preloading 0 native plugins for Editor in 0,00 ms.
Unloading 1971 Unused Serialized files (Serialized files now loaded: 0)
System memory in use before: 86,2 MB.
System memory in use after: 86,3 MB.

Unloading 8 unused Assets to reduce memory usage. Loaded Objects now: 2518.
Total: 2,594917 ms (FindLiveObjects: 0,239951 ms CreateObjectMapping: 0,058246 ms MarkObjects: 2,255760 ms  DeleteObjects: 0,039316 ms)

AssetImportParameters requested are different than current active one (requested -> active):
  custom:graphics/normal-map-encoding: 01000000000000000000000000000000 -> 02000000000000000000000000000000
========================================================================
Received Prepare
Registering precompiled user dll's ...
Registered in 0,000698 seconds.
Begin MonoManager ReloadAssembly
Native extension for LinuxStandalone target not found
Refreshing native plugins compatible for Editor in 0,46 ms, found 1 plugins.
Preloading 0 native plugins for Editor in 0,00 ms.
Invoked RoslynAnalysisRunner static constructor.
RoslynAnalysisRunner will not be running.
RoslynAnalysisRunner has terminated.
NullReferenceException: Object reference not set to an instance of an object
  at XT.Enhancer.Package..cctor () [0x00019] in /home/luis/Documents/LZ/Freelas/Financinha/[Unity] Financinha/Library/PackageCache/com.xeleh.enhancer@78e062bf54/Editor/Package.cs:10 
Rethrow as TypeInitializationException: The type initializer for 'XT.Enhancer.Package' threw an exception.


(Filename: Library/PackageCache/com.xeleh.enhancer@78e062bf54/Editor/Package.cs Line: 10)

Mono: successfully reloaded assembly
- Completed reload, in  0,804 seconds
Platform modules already initialized, skipping
Switching build target platform(24) subTarget(0) extendedPlatform(0) -> platform(13) subTarget(537395200) extendedPlatform(0)
Refreshing native plugins compatible for Editor in 0,44 ms, found 1 plugins.
Preloading 0 native plugins for Editor in 0,00 ms.
Unloading 1971 Unused Serialized files (Serialized files now loaded: 0)
System memory in use before: 86,2 MB.
System memory in use after: 86,3 MB.

Unloading 8 unused Assets to reduce memory usage. Loaded Objects now: 2521.
Total: 2,384844 ms (FindLiveObjects: 0,196368 ms CreateObjectMapping: 0,054420 ms MarkObjects: 2,099609 ms  DeleteObjects: 0,033494 ms)

AssetImportParameters requested are different than current active one (requested -> active):
  custom:graphics/normal-map-encoding: 01000000000000000000000000000000 -> 02000000000000000000000000000000
========================================================================
Received Prepare
Registering precompiled user dll's ...
Registered in 0,000843 seconds.
Begin MonoManager ReloadAssembly
Native extension for LinuxStandalone target not found
Refreshing native plugins compatible for Editor in 0,38 ms, found 1 plugins.
Preloading 0 native plugins for Editor in 0,00 ms.
Invoked RoslynAnalysisRunner static constructor.
RoslynAnalysisRunner will not be running.
RoslynAnalysisRunner has terminated.
NullReferenceException: Object reference not set to an instance of an object
  at XT.Enhancer.Package..cctor () [0x00019] in /home/luis/Documents/LZ/Freelas/Financinha/[Unity] Financinha/Library/PackageCache/com.xeleh.enhancer@78e062bf54/Editor/Package.cs:10 
Rethrow as TypeInitializationException: The type initializer for 'XT.Enhancer.Package' threw an exception.


(Filename: Library/PackageCache/com.xeleh.enhancer@78e062bf54/Editor/Package.cs Line: 10)

Mono: successfully reloaded assembly
- Completed reload, in  0,906 seconds
Platform modules already initialized, skipping
Switching build target platform(24) subTarget(0) extendedPlatform(0) -> platform(13) subTarget(537395200) extendedPlatform(0)
Refreshing native plugins compatible for Editor in 0,49 ms, found 1 plugins.
Preloading 0 native plugins for Editor in 0,00 ms.
Unloading 1971 Unused Serialized files (Serialized files now loaded: 0)
System memory in use before: 86,2 MB.
System memory in use after: 86,3 MB.

Unloading 8 unused Assets to reduce memory usage. Loaded Objects now: 2524.
Total: 2,804368 ms (FindLiveObjects: 0,207236 ms CreateObjectMapping: 0,060307 ms MarkObjects: 2,493179 ms  DeleteObjects: 0,042461 ms)

AssetImportParameters requested are different than current active one (requested -> active):
  custom:graphics/normal-map-encoding: 01000000000000000000000000000000 -> 02000000000000000000000000000000
AssetImportWorkerClient::OnTransportError - code=2 error=End of file
