Using pre-set license

 COMMAND LINE ARGUMENTS:
/Applications/Unity/Hub/Editor/2020.3.2f1/Unity.app/Contents/MacOS/Unity
-adb2
-batchMode
-noUpm
-name
AssetImportWorker1
-projectPath
/Users/luisotaviozimermann/Desktop/Financinha/[Unity] Financinha
-logFile
Logs/AssetImportWorker1.log
-srvPort
49850
Successfully changed project path to: /Users/luisotaviozimermann/Desktop/Financinha/[Unity] Financinha
/Users/luisotaviozimermann/Desktop/Financinha/[Unity] Financinha
Using Asset Import Pipeline V2.
Refreshing native plugins compatible for Editor in 69.74 ms, found 1 plugins.
Preloading 0 native plugins for Editor in 0.00 ms.
Initialize engine version: 2020.3.2f1 (8fd9074bf66c)
[Subsystems] Discovering subsystems at path /Applications/Unity/Hub/Editor/2020.3.2f1/Unity.app/Contents/Resources/UnitySubsystems
[Subsystems] Discovering subsystems at path /Users/luisotaviozimermann/Desktop/Financinha/[Unity] Financinha/Assets
GfxDevice: creating device client; threaded=0
2021-04-15 16:27:05.892 Unity[15311:75154] iMac preferred device: NVIDIA GeForce GT 640M (high power)
2021-04-15 16:27:05.892 Unity[15311:75154] Metal devices available: 1
2021-04-15 16:27:05.892 Unity[15311:75154] 0: NVIDIA GeForce GT 640M (high power)
2021-04-15 16:27:05.893 Unity[15311:75154] Using device NVIDIA GeForce GT 640M (high power)
Initializing Metal device caps: NVIDIA GeForce GT 640M
Initialize mono
Mono path[0] = '/Applications/Unity/Hub/Editor/2020.3.2f1/Unity.app/Contents/Managed'
Mono path[1] = '/Applications/Unity/Hub/Editor/2020.3.2f1/Unity.app/Contents/MonoBleedingEdge/lib/mono/unityjit'
Mono config path = '/Applications/Unity/Hub/Editor/2020.3.2f1/Unity.app/Contents/MonoBleedingEdge/etc'
Using monoOptions --debugger-agent=transport=dt_socket,embedding=1,server=y,suspend=n,address=127.0.0.1:56311
Begin MonoManager ReloadAssembly
Registering precompiled unity dll's ...
Register platform support module: /Applications/Unity/Hub/Editor/2020.3.2f1/Unity.app/Contents/PlaybackEngines/MacStandaloneSupport/UnityEditor.OSXStandalone.Extensions.dll
Registered in 0.000708 seconds.
Native extension for OSXStandalone target not found
Refreshing native plugins compatible for Editor in 51.36 ms, found 1 plugins.
Preloading 0 native plugins for Editor in 0.00 ms.
Invoked RoslynAnalysisRunner static constructor.
RoslynAnalysisRunner will not be running.
RoslynAnalysisRunner has terminated.
Mono: successfully reloaded assembly
- Completed reload, in  3.548 seconds
Platform modules already initialized, skipping
Registering precompiled user dll's ...
Registered in 0.000575 seconds.
Begin MonoManager ReloadAssembly
Native extension for OSXStandalone target not found
Refreshing native plugins compatible for Editor in 0.33 ms, found 1 plugins.
Preloading 0 native plugins for Editor in 0.00 ms.
Invoked RoslynAnalysisRunner static constructor.
RoslynAnalysisRunner will not be running.
RoslynAnalysisRunner has terminated.
Mono: successfully reloaded assembly
- Completed reload, in  1.446 seconds
Platform modules already initialized, skipping
========================================================================
Worker process is ready to serve import requests
Launching external process: /Applications/Unity/Hub/Editor/2020.3.2f1/Unity.app/Contents/Tools/UnityShaderCompiler
Launched and connected shader compiler UnityShaderCompiler after 0.09 seconds
Refreshing native plugins compatible for Editor in 0.33 ms, found 1 plugins.
Preloading 0 native plugins for Editor in 0.00 ms.
Unloading 1223 Unused Serialized files (Serialized files now loaded: 0)
System memory in use before: 118.4 MB.
System memory in use after: 118.4 MB.

Unloading 10 unused Assets to reduce memory usage. Loaded Objects now: 1670.
Total: 2.743875 ms (FindLiveObjects: 0.258167 ms CreateObjectMapping: 0.113154 ms MarkObjects: 2.218556 ms  DeleteObjects: 0.151008 ms)

========================================================================
Received Import Request.
  path: Assets/Scripts/Gameplay/Quizz/Quizz.cs
  artifactKey: Guid(b763e0f634062e241b36a9ef43f05258) Importer(815301076,1909f56bfc062723c751e8b465ee728b)
Start importing Assets/Scripts/Gameplay/Quizz/Quizz.cs using Guid(b763e0f634062e241b36a9ef43f05258) Importer(815301076,1909f56bfc062723c751e8b465ee728b)  -> (artifact id: 'd196bafeb8b0961dcf19ddc2221af59b') in 0.506492 seconds
  Import took 0.509392 seconds .

========================================================================
Received Import Request.
  Time since last request: 0.000341 seconds.
  path: Assets/Scripts/Gameplay/Quizz/QuizzSuporte.cs
  artifactKey: Guid(c3cfa68ea0a559c45ad1fb4d648ea13e) Importer(815301076,1909f56bfc062723c751e8b465ee728b)
Start importing Assets/Scripts/Gameplay/Quizz/QuizzSuporte.cs using Guid(c3cfa68ea0a559c45ad1fb4d648ea13e) Importer(815301076,1909f56bfc062723c751e8b465ee728b)  -> (artifact id: 'e9107e4d436d47524294d7472f5695f5') in 0.001192 seconds
  Import took 0.003740 seconds .

========================================================================
Received Import Request.
  Time since last request: 0.000306 seconds.
  path: Assets/Scripts/Gameplay/Quizz/Reading.cs
  artifactKey: Guid(b3097b4a9f8c96a46a7372cb32d84bf1) Importer(815301076,1909f56bfc062723c751e8b465ee728b)
Start importing Assets/Scripts/Gameplay/Quizz/Reading.cs using Guid(b3097b4a9f8c96a46a7372cb32d84bf1) Importer(815301076,1909f56bfc062723c751e8b465ee728b)  -> (artifact id: 'be6e68f1ec0a22abed0acdf25843f1df') in 0.003293 seconds
  Import took 0.006035 seconds .

========================================================================
Received Import Request.
  Time since last request: 0.000335 seconds.
  path: Assets/Scripts/UI/Canvas.prefab
  artifactKey: Guid(775ed57662884504c87c1f255e1a5194) Importer(815301076,1909f56bfc062723c751e8b465ee728b)
Start importing Assets/Scripts/UI/Canvas.prefab using Guid(775ed57662884504c87c1f255e1a5194) Importer(815301076,1909f56bfc062723c751e8b465ee728b)  -> (artifact id: '9f99ea2d0c67c74bebdc32977c5fb1d0') in 2.106048 seconds
  Import took 2.109258 seconds .

========================================================================
Received Import Request.
  Time since last request: 0.000288 seconds.
  path: Assets/Scripts/Gameplay/Quizz
  artifactKey: Guid(41c3b316a33679746ab9d04568ea6b69) Importer(815301076,1909f56bfc062723c751e8b465ee728b)
Start importing Assets/Scripts/Gameplay/Quizz using Guid(41c3b316a33679746ab9d04568ea6b69) Importer(815301076,1909f56bfc062723c751e8b465ee728b)  -> (artifact id: '07a170ef2c1795b12cccb34c02ef7c30') in 0.076223 seconds
  Import took 0.078589 seconds .

========================================================================
Received Prepare
Registering precompiled user dll's ...
Registered in 0.000648 seconds.
Begin MonoManager ReloadAssembly
Native extension for OSXStandalone target not found
Refreshing native plugins compatible for Editor in 0.36 ms, found 1 plugins.
Preloading 0 native plugins for Editor in 0.00 ms.
Invoked RoslynAnalysisRunner static constructor.
RoslynAnalysisRunner will not be running.
RoslynAnalysisRunner has terminated.
Mono: successfully reloaded assembly
- Completed reload, in  1.690 seconds
Platform modules already initialized, skipping
Switching build target platform(2) subTarget(0) extendedPlatform(0) -> platform(13) subTarget(589824) extendedPlatform(0)
Refreshing native plugins compatible for Editor in 0.36 ms, found 1 plugins.
Preloading 0 native plugins for Editor in 0.00 ms.
Unloading 1209 Unused Serialized files (Serialized files now loaded: 0)
System memory in use before: 122.2 MB.
System memory in use after: 122.3 MB.

Unloading 7 unused Assets to reduce memory usage. Loaded Objects now: 1677.
Total: 2.120327 ms (FindLiveObjects: 0.175006 ms CreateObjectMapping: 0.063187 ms MarkObjects: 1.796518 ms  DeleteObjects: 0.084216 ms)

AssetImportParameters requested are different than current active one (requested -> active):
  custom:graphics/normal-map-encoding: 01000000000000000000000000000000 -> 02000000000000000000000000000000
========================================================================
Received Prepare
Registering precompiled user dll's ...
Registered in 0.000551 seconds.
Begin MonoManager ReloadAssembly
Native extension for OSXStandalone target not found
Refreshing native plugins compatible for Editor in 0.37 ms, found 1 plugins.
Preloading 0 native plugins for Editor in 0.00 ms.
Invoked RoslynAnalysisRunner static constructor.
RoslynAnalysisRunner will not be running.
RoslynAnalysisRunner has terminated.
Mono: successfully reloaded assembly
- Completed reload, in  1.298 seconds
Platform modules already initialized, skipping
Switching build target platform(2) subTarget(0) extendedPlatform(0) -> platform(13) subTarget(589824) extendedPlatform(0)
Refreshing native plugins compatible for Editor in 0.31 ms, found 1 plugins.
Preloading 0 native plugins for Editor in 0.00 ms.
Unloading 1209 Unused Serialized files (Serialized files now loaded: 0)
System memory in use before: 122.4 MB.
System memory in use after: 122.5 MB.

Unloading 5 unused Assets to reduce memory usage. Loaded Objects now: 1680.
Total: 1.952843 ms (FindLiveObjects: 0.175682 ms CreateObjectMapping: 0.055987 ms MarkObjects: 1.662238 ms  DeleteObjects: 0.057562 ms)

AssetImportParameters requested are different than current active one (requested -> active):
  custom:graphics/normal-map-encoding: 01000000000000000000000000000000 -> 02000000000000000000000000000000
========================================================================
Received Prepare
Registering precompiled user dll's ...
Registered in 0.000530 seconds.
Begin MonoManager ReloadAssembly
Native extension for OSXStandalone target not found
Refreshing native plugins compatible for Editor in 0.37 ms, found 1 plugins.
Preloading 0 native plugins for Editor in 0.00 ms.
Invoked RoslynAnalysisRunner static constructor.
RoslynAnalysisRunner will not be running.
RoslynAnalysisRunner has terminated.
Mono: successfully reloaded assembly
- Completed reload, in  1.335 seconds
Platform modules already initialized, skipping
Switching build target platform(2) subTarget(0) extendedPlatform(0) -> platform(13) subTarget(589824) extendedPlatform(0)
Refreshing native plugins compatible for Editor in 0.50 ms, found 1 plugins.
Preloading 0 native plugins for Editor in 0.00 ms.
Unloading 1209 Unused Serialized files (Serialized files now loaded: 0)
System memory in use before: 122.6 MB.
System memory in use after: 122.6 MB.

Unloading 5 unused Assets to reduce memory usage. Loaded Objects now: 1683.
Total: 2.361283 ms (FindLiveObjects: 0.205078 ms CreateObjectMapping: 0.087681 ms MarkObjects: 1.985607 ms  DeleteObjects: 0.081274 ms)

AssetImportParameters requested are different than current active one (requested -> active):
  custom:graphics/normal-map-encoding: 01000000000000000000000000000000 -> 02000000000000000000000000000000
========================================================================
Received Prepare
Registering precompiled user dll's ...
Registered in 0.000513 seconds.
Begin MonoManager ReloadAssembly
Native extension for OSXStandalone target not found
Refreshing native plugins compatible for Editor in 0.38 ms, found 1 plugins.
Preloading 0 native plugins for Editor in 0.00 ms.
Invoked RoslynAnalysisRunner static constructor.
RoslynAnalysisRunner will not be running.
RoslynAnalysisRunner has terminated.
Mono: successfully reloaded assembly
- Completed reload, in  1.269 seconds
Platform modules already initialized, skipping
Switching build target platform(2) subTarget(0) extendedPlatform(0) -> platform(13) subTarget(589824) extendedPlatform(0)
Refreshing native plugins compatible for Editor in 0.31 ms, found 1 plugins.
Preloading 0 native plugins for Editor in 0.00 ms.
Unloading 1209 Unused Serialized files (Serialized files now loaded: 0)
System memory in use before: 122.7 MB.
System memory in use after: 122.8 MB.

Unloading 5 unused Assets to reduce memory usage. Loaded Objects now: 1686.
Total: 2.307693 ms (FindLiveObjects: 0.256150 ms CreateObjectMapping: 0.121290 ms MarkObjects: 1.870218 ms  DeleteObjects: 0.058560 ms)

AssetImportParameters requested are different than current active one (requested -> active):
  custom:graphics/normal-map-encoding: 01000000000000000000000000000000 -> 02000000000000000000000000000000
========================================================================
Received Import Request.
  Time since last request: 3467.123041 seconds.
  path: Assets/Scripts/Gameplay/QuizFinal/Cutscenes.cs
  artifactKey: Guid(1e1d13f1adaac450eaa712e38e0e4ab9) Importer(815301076,1909f56bfc062723c751e8b465ee728b)
Start importing Assets/Scripts/Gameplay/QuizFinal/Cutscenes.cs using Guid(1e1d13f1adaac450eaa712e38e0e4ab9) Importer(815301076,1909f56bfc062723c751e8b465ee728b)  -> (artifact id: '6db8461941d0d129f474b61c2d85529f') in 0.006795 seconds
  Import took 0.009693 seconds .

========================================================================
Received Import Request.
  Time since last request: 0.001978 seconds.
  path: Assets/Scripts/Gameplay/QuizFinal/Cutscenes.cs
  artifactKey: Guid(1e1d13f1adaac450eaa712e38e0e4ab9) Importer(815301076,1909f56bfc062723c751e8b465ee728b)
Start importing Assets/Scripts/Gameplay/QuizFinal/Cutscenes.cs using Guid(1e1d13f1adaac450eaa712e38e0e4ab9) Importer(815301076,1909f56bfc062723c751e8b465ee728b)  -> (artifact id: '6db8461941d0d129f474b61c2d85529f') in 0.001294 seconds
  Import took 0.004160 seconds .

========================================================================
Received Prepare
Registering precompiled user dll's ...
Registered in 0.000518 seconds.
Begin MonoManager ReloadAssembly
Native extension for OSXStandalone target not found
Refreshing native plugins compatible for Editor in 0.32 ms, found 1 plugins.
Preloading 0 native plugins for Editor in 0.00 ms.
Invoked RoslynAnalysisRunner static constructor.
RoslynAnalysisRunner will not be running.
RoslynAnalysisRunner has terminated.
Mono: successfully reloaded assembly
- Completed reload, in  1.327 seconds
Platform modules already initialized, skipping
Switching build target platform(2) subTarget(0) extendedPlatform(0) -> platform(13) subTarget(589824) extendedPlatform(0)
Refreshing native plugins compatible for Editor in 0.38 ms, found 1 plugins.
Preloading 0 native plugins for Editor in 0.00 ms.
Unloading 1210 Unused Serialized files (Serialized files now loaded: 0)
System memory in use before: 122.9 MB.
System memory in use after: 123.0 MB.

Unloading 5 unused Assets to reduce memory usage. Loaded Objects now: 1690.
Total: 1.924046 ms (FindLiveObjects: 0.185620 ms CreateObjectMapping: 0.055598 ms MarkObjects: 1.620620 ms  DeleteObjects: 0.060516 ms)

AssetImportParameters requested are different than current active one (requested -> active):
  custom:graphics/normal-map-encoding: 01000000000000000000000000000000 -> 02000000000000000000000000000000
========================================================================
Received Import Request.
  Time since last request: 1416.971280 seconds.
  path: Assets/Scripts/APIs/Aprendiz/GetApprendices.cs
  artifactKey: Guid(746d111cc8e4ae0478088be1086ea701) Importer(815301076,1909f56bfc062723c751e8b465ee728b)
Start importing Assets/Scripts/APIs/Aprendiz/GetApprendices.cs using Guid(746d111cc8e4ae0478088be1086ea701) Importer(815301076,1909f56bfc062723c751e8b465ee728b)  -> (artifact id: 'b78dd94e136d8116b8cffc5954c96f85') in 0.003717 seconds
  Import took 0.006131 seconds .

========================================================================
Received Import Request.
  Time since last request: 0.026482 seconds.
  path: Assets/Scripts/APIs/Aprendiz/GetApprendices.cs
  artifactKey: Guid(746d111cc8e4ae0478088be1086ea701) Importer(815301076,1909f56bfc062723c751e8b465ee728b)
Start importing Assets/Scripts/APIs/Aprendiz/GetApprendices.cs using Guid(746d111cc8e4ae0478088be1086ea701) Importer(815301076,1909f56bfc062723c751e8b465ee728b)  -> (artifact id: 'b78dd94e136d8116b8cffc5954c96f85') in 0.001170 seconds
  Import took 0.003663 seconds .

========================================================================
Received Import Request.
  Time since last request: 2.614340 seconds.
  path: Assets/Scripts/APIs/Aprendiz/CreateAprendiz.cs
  artifactKey: Guid(b1b2e5941a1999c4590eeb8fa2615a9e) Importer(815301076,1909f56bfc062723c751e8b465ee728b)
Start importing Assets/Scripts/APIs/Aprendiz/CreateAprendiz.cs using Guid(b1b2e5941a1999c4590eeb8fa2615a9e) Importer(815301076,1909f56bfc062723c751e8b465ee728b)  -> (artifact id: 'a1e1abc0ba7491b36cebdc86cc22d175') in 0.001179 seconds
  Import took 0.003907 seconds .

========================================================================
Received Import Request.
  Time since last request: 0.003543 seconds.
  path: Assets/Scripts/APIs/Aprendiz/CreateAprendiz.cs
  artifactKey: Guid(b1b2e5941a1999c4590eeb8fa2615a9e) Importer(815301076,1909f56bfc062723c751e8b465ee728b)
Start importing Assets/Scripts/APIs/Aprendiz/CreateAprendiz.cs using Guid(b1b2e5941a1999c4590eeb8fa2615a9e) Importer(815301076,1909f56bfc062723c751e8b465ee728b)  -> (artifact id: 'a1e1abc0ba7491b36cebdc86cc22d175') in 0.001165 seconds
  Import took 0.003792 seconds .

========================================================================
Received Import Request.
  Time since last request: 0.751701 seconds.
  path: Assets/Scripts/APIs/Aprendiz/ApprendicesList.cs
  artifactKey: Guid(6c65bbbc7b439ba44a0df2aa86d9a5e3) Importer(815301076,1909f56bfc062723c751e8b465ee728b)
Start importing Assets/Scripts/APIs/Aprendiz/ApprendicesList.cs using Guid(6c65bbbc7b439ba44a0df2aa86d9a5e3) Importer(815301076,1909f56bfc062723c751e8b465ee728b)  -> (artifact id: '76ce8c60a47f2b8644eab231b0e09277') in 0.001251 seconds
  Import took 0.003962 seconds .

========================================================================
Received Import Request.
  Time since last request: 0.004094 seconds.
  path: Assets/Scripts/APIs/Aprendiz/ApprendicesList.cs
  artifactKey: Guid(6c65bbbc7b439ba44a0df2aa86d9a5e3) Importer(815301076,1909f56bfc062723c751e8b465ee728b)
Start importing Assets/Scripts/APIs/Aprendiz/ApprendicesList.cs using Guid(6c65bbbc7b439ba44a0df2aa86d9a5e3) Importer(815301076,1909f56bfc062723c751e8b465ee728b)  -> (artifact id: '76ce8c60a47f2b8644eab231b0e09277') in 0.001252 seconds
  Import took 0.003902 seconds .

========================================================================
Received Import Request.
  Time since last request: 1.114933 seconds.
  path: Assets/Scripts/APIs/Aprendiz/Apprendice.cs
  artifactKey: Guid(ace99671fb2ede54396591a8176cd927) Importer(815301076,1909f56bfc062723c751e8b465ee728b)
Start importing Assets/Scripts/APIs/Aprendiz/Apprendice.cs using Guid(ace99671fb2ede54396591a8176cd927) Importer(815301076,1909f56bfc062723c751e8b465ee728b)  -> (artifact id: '5293448497c4489c9fa630326055e1a5') in 0.012256 seconds
  Import took 0.014853 seconds .

========================================================================
Received Import Request.
  Time since last request: 0.000589 seconds.
  path: Assets/Scripts/APIs/Aprendiz/Apprendice.cs
  artifactKey: Guid(ace99671fb2ede54396591a8176cd927) Importer(815301076,1909f56bfc062723c751e8b465ee728b)
Start importing Assets/Scripts/APIs/Aprendiz/Apprendice.cs using Guid(ace99671fb2ede54396591a8176cd927) Importer(815301076,1909f56bfc062723c751e8b465ee728b)  -> (artifact id: '5293448497c4489c9fa630326055e1a5') in 0.001137 seconds
  Import took 0.003615 seconds .

========================================================================
Received Import Request.
  Time since last request: 6.018632 seconds.
  path: Assets/Scripts/APIs/Level/GetHabilityProgress.cs
  artifactKey: Guid(858982ca957a6a211b9205ae6ffafacb) Importer(815301076,1909f56bfc062723c751e8b465ee728b)
Start importing Assets/Scripts/APIs/Level/GetHabilityProgress.cs using Guid(858982ca957a6a211b9205ae6ffafacb) Importer(815301076,1909f56bfc062723c751e8b465ee728b)  -> (artifact id: '08333be81c04ed8dae26e921aaeb65b3') in 0.022600 seconds
  Import took 0.025053 seconds .

========================================================================
Received Import Request.
  Time since last request: 0.120168 seconds.
  path: Assets/Scripts/APIs/Level/GetHabilityProgress.cs
  artifactKey: Guid(858982ca957a6a211b9205ae6ffafacb) Importer(815301076,1909f56bfc062723c751e8b465ee728b)
Start importing Assets/Scripts/APIs/Level/GetHabilityProgress.cs using Guid(858982ca957a6a211b9205ae6ffafacb) Importer(815301076,1909f56bfc062723c751e8b465ee728b)  -> (artifact id: '08333be81c04ed8dae26e921aaeb65b3') in 0.001195 seconds
  Import took 0.003974 seconds .

========================================================================
Received Prepare
Registering precompiled user dll's ...
Registered in 0.000599 seconds.
Begin MonoManager ReloadAssembly
Native extension for OSXStandalone target not found
Refreshing native plugins compatible for Editor in 0.36 ms, found 1 plugins.
Preloading 0 native plugins for Editor in 0.00 ms.
Invoked RoslynAnalysisRunner static constructor.
RoslynAnalysisRunner will not be running.
RoslynAnalysisRunner has terminated.
Mono: successfully reloaded assembly
- Completed reload, in  1.392 seconds
Platform modules already initialized, skipping
Switching build target platform(2) subTarget(0) extendedPlatform(0) -> platform(13) subTarget(589824) extendedPlatform(0)
Refreshing native plugins compatible for Editor in 0.33 ms, found 1 plugins.
Preloading 0 native plugins for Editor in 0.00 ms.
Unloading 1210 Unused Serialized files (Serialized files now loaded: 0)
System memory in use before: 123.1 MB.
System memory in use after: 123.2 MB.

Unloading 5 unused Assets to reduce memory usage. Loaded Objects now: 1693.
Total: 2.075738 ms (FindLiveObjects: 0.188703 ms CreateObjectMapping: 0.056253 ms MarkObjects: 1.759879 ms  DeleteObjects: 0.067296 ms)

AssetImportParameters requested are different than current active one (requested -> active):
  custom:graphics/normal-map-encoding: 01000000000000000000000000000000 -> 02000000000000000000000000000000
========================================================================
Received Prepare
Registering precompiled user dll's ...
Registered in 0.000560 seconds.
Begin MonoManager ReloadAssembly
Native extension for OSXStandalone target not found
Refreshing native plugins compatible for Editor in 0.35 ms, found 1 plugins.
Preloading 0 native plugins for Editor in 0.00 ms.
Invoked RoslynAnalysisRunner static constructor.
RoslynAnalysisRunner will not be running.
RoslynAnalysisRunner has terminated.
Mono: successfully reloaded assembly
- Completed reload, in  1.272 seconds
Platform modules already initialized, skipping
Switching build target platform(2) subTarget(0) extendedPlatform(0) -> platform(13) subTarget(589824) extendedPlatform(0)
Refreshing native plugins compatible for Editor in 0.32 ms, found 1 plugins.
Preloading 0 native plugins for Editor in 0.00 ms.
Unloading 1210 Unused Serialized files (Serialized files now loaded: 0)
System memory in use before: 123.3 MB.
System memory in use after: 123.3 MB.

Unloading 5 unused Assets to reduce memory usage. Loaded Objects now: 1696.
Total: 2.172070 ms (FindLiveObjects: 0.160513 ms CreateObjectMapping: 0.052159 ms MarkObjects: 1.890473 ms  DeleteObjects: 0.067548 ms)

AssetImportParameters requested are different than current active one (requested -> active):
  custom:graphics/normal-map-encoding: 01000000000000000000000000000000 -> 02000000000000000000000000000000
========================================================================
Received Prepare
Registering precompiled user dll's ...
Registered in 0.019074 seconds.
Begin MonoManager ReloadAssembly
Native extension for OSXStandalone target not found
Refreshing native plugins compatible for Editor in 0.32 ms, found 1 plugins.
Preloading 0 native plugins for Editor in 0.00 ms.
Invoked RoslynAnalysisRunner static constructor.
RoslynAnalysisRunner will not be running.
RoslynAnalysisRunner has terminated.
Mono: successfully reloaded assembly
- Completed reload, in  1.570 seconds
Platform modules already initialized, skipping
Switching build target platform(2) subTarget(0) extendedPlatform(0) -> platform(13) subTarget(589824) extendedPlatform(0)
Refreshing native plugins compatible for Editor in 0.32 ms, found 1 plugins.
Preloading 0 native plugins for Editor in 0.00 ms.
Unloading 1210 Unused Serialized files (Serialized files now loaded: 0)
System memory in use before: 123.4 MB.
System memory in use after: 123.5 MB.

Unloading 5 unused Assets to reduce memory usage. Loaded Objects now: 1699.
Total: 2.259399 ms (FindLiveObjects: 0.174051 ms CreateObjectMapping: 0.057558 ms MarkObjects: 1.955397 ms  DeleteObjects: 0.070693 ms)

AssetImportParameters requested are different than current active one (requested -> active):
  custom:graphics/normal-map-encoding: 01000000000000000000000000000000 -> 02000000000000000000000000000000
========================================================================
Received Prepare
Registering precompiled user dll's ...
Registered in 0.000596 seconds.
Begin MonoManager ReloadAssembly
Native extension for OSXStandalone target not found
Refreshing native plugins compatible for Editor in 0.34 ms, found 1 plugins.
Preloading 0 native plugins for Editor in 0.00 ms.
Invoked RoslynAnalysisRunner static constructor.
RoslynAnalysisRunner will not be running.
RoslynAnalysisRunner has terminated.
Mono: successfully reloaded assembly
- Completed reload, in  1.631 seconds
Platform modules already initialized, skipping
Switching build target platform(2) subTarget(0) extendedPlatform(0) -> platform(13) subTarget(589824) extendedPlatform(0)
Refreshing native plugins compatible for Editor in 0.32 ms, found 1 plugins.
Preloading 0 native plugins for Editor in 0.00 ms.
Unloading 1210 Unused Serialized files (Serialized files now loaded: 0)
System memory in use before: 123.6 MB.
System memory in use after: 123.7 MB.

Unloading 5 unused Assets to reduce memory usage. Loaded Objects now: 1702.
Total: 2.149273 ms (FindLiveObjects: 0.164624 ms CreateObjectMapping: 0.054203 ms MarkObjects: 1.844079 ms  DeleteObjects: 0.084808 ms)

AssetImportParameters requested are different than current active one (requested -> active):
  custom:graphics/normal-map-encoding: 01000000000000000000000000000000 -> 02000000000000000000000000000000
========================================================================
Received Import Request.
  Time since last request: 927.618041 seconds.
  path: Assets/Scripts/APIs/Level/GetHabilityProgress.cs
  artifactKey: Guid(858982ca957a6a211b9205ae6ffafacb) Importer(815301076,1909f56bfc062723c751e8b465ee728b)
Start importing Assets/Scripts/APIs/Level/GetHabilityProgress.cs using Guid(858982ca957a6a211b9205ae6ffafacb) Importer(815301076,1909f56bfc062723c751e8b465ee728b)  -> (artifact id: '68177e8bb37976efaee5bb2b9575aa11') in 0.003999 seconds
  Import took 0.006539 seconds .

========================================================================
Received Prepare
Registering precompiled user dll's ...
Registered in 0.016479 seconds.
Begin MonoManager ReloadAssembly
Native extension for OSXStandalone target not found
Refreshing native plugins compatible for Editor in 0.39 ms, found 1 plugins.
Preloading 0 native plugins for Editor in 0.00 ms.
Invoked RoslynAnalysisRunner static constructor.
RoslynAnalysisRunner will not be running.
RoslynAnalysisRunner has terminated.
Mono: successfully reloaded assembly
- Completed reload, in  1.521 seconds
Platform modules already initialized, skipping
Switching build target platform(2) subTarget(0) extendedPlatform(0) -> platform(13) subTarget(589824) extendedPlatform(0)
Refreshing native plugins compatible for Editor in 0.31 ms, found 1 plugins.
Preloading 0 native plugins for Editor in 0.00 ms.
Unloading 1210 Unused Serialized files (Serialized files now loaded: 0)
System memory in use before: 123.8 MB.
System memory in use after: 123.8 MB.

Unloading 5 unused Assets to reduce memory usage. Loaded Objects now: 1705.
Total: 2.019718 ms (FindLiveObjects: 0.173083 ms CreateObjectMapping: 0.057078 ms MarkObjects: 1.727157 ms  DeleteObjects: 0.060906 ms)

AssetImportParameters requested are different than current active one (requested -> active):
  custom:graphics/normal-map-encoding: 01000000000000000000000000000000 -> 02000000000000000000000000000000
========================================================================
Received Prepare
Registering precompiled user dll's ...
Registered in 0.000526 seconds.
Begin MonoManager ReloadAssembly
Native extension for OSXStandalone target not found
Refreshing native plugins compatible for Editor in 0.36 ms, found 1 plugins.
Preloading 0 native plugins for Editor in 0.00 ms.
Invoked RoslynAnalysisRunner static constructor.
RoslynAnalysisRunner will not be running.
RoslynAnalysisRunner has terminated.
Mono: successfully reloaded assembly
- Completed reload, in  1.464 seconds
Platform modules already initialized, skipping
Switching build target platform(2) subTarget(0) extendedPlatform(0) -> platform(13) subTarget(589824) extendedPlatform(0)
Refreshing native plugins compatible for Editor in 0.33 ms, found 1 plugins.
Preloading 0 native plugins for Editor in 0.00 ms.
Unloading 1210 Unused Serialized files (Serialized files now loaded: 0)
System memory in use before: 123.9 MB.
System memory in use after: 124.0 MB.

Unloading 5 unused Assets to reduce memory usage. Loaded Objects now: 1708.
Total: 2.398621 ms (FindLiveObjects: 0.226376 ms CreateObjectMapping: 0.100931 ms MarkObjects: 2.000850 ms  DeleteObjects: 0.068916 ms)

AssetImportParameters requested are different than current active one (requested -> active):
  custom:graphics/normal-map-encoding: 01000000000000000000000000000000 -> 02000000000000000000000000000000
========================================================================
Received Import Request.
  Time since last request: 541.644811 seconds.
  path: Assets/Scenes/Quiz.unity
  artifactKey: Guid(e013866f49873a642bf9167b02eb5de0) Importer(815301076,1909f56bfc062723c751e8b465ee728b)
Start importing Assets/Scenes/Quiz.unity using Guid(e013866f49873a642bf9167b02eb5de0) Importer(815301076,1909f56bfc062723c751e8b465ee728b)  -> (artifact id: '4366ab779c9a49353bc81dc64bbf90aa') in 0.075056 seconds
  Import took 0.077618 seconds .

========================================================================
Received Import Request.
  Time since last request: 29.513770 seconds.
  path: Assets/Art/New Art/MENU/1-pt.png
  artifactKey: Guid(cac88f315d5e1d241a3de41c63513273) Importer(815301076,1909f56bfc062723c751e8b465ee728b)
Start importing Assets/Art/New Art/MENU/1-pt.png using Guid(cac88f315d5e1d241a3de41c63513273) Importer(815301076,1909f56bfc062723c751e8b465ee728b)  -> (artifact id: 'e27699920feaac21e74aa55458053160') in 1.003351 seconds
  Import took 1.006191 seconds .

========================================================================
Received Import Request.
  Time since last request: 0.000305 seconds.
  path: Assets/Art/New Art/MENU/5-pt.png
  artifactKey: Guid(43fffc4b9e951354f80961ce1ba92b82) Importer(815301076,1909f56bfc062723c751e8b465ee728b)
Start importing Assets/Art/New Art/MENU/5-pt.png using Guid(43fffc4b9e951354f80961ce1ba92b82) Importer(815301076,1909f56bfc062723c751e8b465ee728b)  -> (artifact id: '79d09b4209d8ccc50c9849f00e68cda5') in 0.013051 seconds
  Import took 0.015936 seconds .

========================================================================
Received Import Request.
  Time since last request: 0.000547 seconds.
  path: Assets/Art/New Art/MENU/campo-pergunta.png
  artifactKey: Guid(c33a6885ecfa5ac489764ca501e0c0d8) Importer(815301076,1909f56bfc062723c751e8b465ee728b)
Start importing Assets/Art/New Art/MENU/campo-pergunta.png using Guid(c33a6885ecfa5ac489764ca501e0c0d8) Importer(815301076,1909f56bfc062723c751e8b465ee728b)  -> (artifact id: '637da9e456278f0d4aaa24d1080753e6') in 0.094796 seconds
  Import took 0.097812 seconds .

========================================================================
Received Import Request.
  Time since last request: 0.000283 seconds.
  path: Assets/Art/New Art/MENU/bt-seguir.png
  artifactKey: Guid(dd01efe6474a7c0469eba579adf1f949) Importer(815301076,1909f56bfc062723c751e8b465ee728b)
Start importing Assets/Art/New Art/MENU/bt-seguir.png using Guid(dd01efe6474a7c0469eba579adf1f949) Importer(815301076,1909f56bfc062723c751e8b465ee728b)  -> (artifact id: '5772e048161300453b7c334d625c00d4') in 0.083618 seconds
  Import took 0.086392 seconds .

========================================================================
Received Import Request.
  Time since last request: 0.000268 seconds.
  path: Assets/Art/New Art/MENU/6-pt.png
  artifactKey: Guid(d35fd3df386380d469c14271fc4b2969) Importer(815301076,1909f56bfc062723c751e8b465ee728b)
Start importing Assets/Art/New Art/MENU/6-pt.png using Guid(d35fd3df386380d469c14271fc4b2969) Importer(815301076,1909f56bfc062723c751e8b465ee728b)  -> (artifact id: '4bc6c4db45e1945379e626aa91d997f3') in 0.123669 seconds
  Import took 0.126380 seconds .

========================================================================
Received Import Request.
  Time since last request: 0.000251 seconds.
  path: Assets/Art/New Art/MENU/bt-resposta-hover.png
  artifactKey: Guid(c2ac1fdeeb100144ab59828ec5ab107e) Importer(815301076,1909f56bfc062723c751e8b465ee728b)
Start importing Assets/Art/New Art/MENU/bt-resposta-hover.png using Guid(c2ac1fdeeb100144ab59828ec5ab107e) Importer(815301076,1909f56bfc062723c751e8b465ee728b)  -> (artifact id: '748ab726001f00bd7ea1f0f1c6d5fd8f') in 0.084957 seconds
  Import took 0.087424 seconds .

========================================================================
Received Import Request.
  Time since last request: 0.000275 seconds.
  path: Assets/Art/New Art/MENU/bt-resposta.png
  artifactKey: Guid(6002d5ae5fe8ad34ea67307782ffd82d) Importer(815301076,1909f56bfc062723c751e8b465ee728b)
Start importing Assets/Art/New Art/MENU/bt-resposta.png using Guid(6002d5ae5fe8ad34ea67307782ffd82d) Importer(815301076,1909f56bfc062723c751e8b465ee728b)  -> (artifact id: '90450a2038392544804a89de8a92ec1f') in 0.054562 seconds
  Import took 0.057446 seconds .

========================================================================
Received Import Request.
  Time since last request: 0.000323 seconds.
  path: Assets/Art/New Art/MENU/3-pt.png
  artifactKey: Guid(8d2c63913958ab44c8c0dc8f232330e0) Importer(815301076,1909f56bfc062723c751e8b465ee728b)
Start importing Assets/Art/New Art/MENU/3-pt.png using Guid(8d2c63913958ab44c8c0dc8f232330e0) Importer(815301076,1909f56bfc062723c751e8b465ee728b)  -> (artifact id: 'ee23f2e4ffcb37d3464d51431bbfacdc') in 0.030054 seconds
  Import took 0.032941 seconds .

========================================================================
Received Import Request.
  Time since last request: 0.000303 seconds.
  path: Assets/Art/New Art/MENU/campo-resposta.png
  artifactKey: Guid(55ffeae2e580cbb418d936ce9a5cdeb9) Importer(815301076,1909f56bfc062723c751e8b465ee728b)
Start importing Assets/Art/New Art/MENU/campo-resposta.png using Guid(55ffeae2e580cbb418d936ce9a5cdeb9) Importer(815301076,1909f56bfc062723c751e8b465ee728b)  -> (artifact id: '2a12ef99578fda321ab1098af4c57eca') in 0.099573 seconds
  Import took 0.102586 seconds .

========================================================================
Received Import Request.
  Time since last request: 0.000244 seconds.
  path: Assets/Art/New Art/MENU/2-pt.png
  artifactKey: Guid(82fffc40de356164d88284244f72cede) Importer(815301076,1909f56bfc062723c751e8b465ee728b)
Start importing Assets/Art/New Art/MENU/2-pt.png using Guid(82fffc40de356164d88284244f72cede) Importer(815301076,1909f56bfc062723c751e8b465ee728b)  -> (artifact id: 'edc595afe9d34b26723f6b21a3697af9') in 0.177187 seconds
  Import took 0.179991 seconds .

========================================================================
Received Import Request.
  Time since last request: 0.000289 seconds.
  path: Assets/Art/New Art/MENU/bt-enviar.png
  artifactKey: Guid(4cd5b48e0cfb6b241bda7f797a4a14eb) Importer(815301076,1909f56bfc062723c751e8b465ee728b)
Start importing Assets/Art/New Art/MENU/bt-enviar.png using Guid(4cd5b48e0cfb6b241bda7f797a4a14eb) Importer(815301076,1909f56bfc062723c751e8b465ee728b)  -> (artifact id: '6394d781777a793fa85fa8c996bd5f01') in 0.062144 seconds
  Import took 0.065060 seconds .

========================================================================
Received Import Request.
  Time since last request: 0.000404 seconds.
  path: Assets/Art/New Art/MENU/bt-voltar.png
  artifactKey: Guid(7e8b2f181b8874d46b833445ea1bb114) Importer(815301076,1909f56bfc062723c751e8b465ee728b)
Start importing Assets/Art/New Art/MENU/bt-voltar.png using Guid(7e8b2f181b8874d46b833445ea1bb114) Importer(815301076,1909f56bfc062723c751e8b465ee728b)  -> (artifact id: '529211d9bef064c2f0249af82ffd67f9') in 0.154536 seconds
  Import took 0.157382 seconds .

========================================================================
Received Import Request.
  Time since last request: 0.000243 seconds.
  path: Assets/Art/New Art/MENU/4-pt.png
  artifactKey: Guid(5afb76de5c9855148a7089549d3cc5ed) Importer(815301076,1909f56bfc062723c751e8b465ee728b)
Start importing Assets/Art/New Art/MENU/4-pt.png using Guid(5afb76de5c9855148a7089549d3cc5ed) Importer(815301076,1909f56bfc062723c751e8b465ee728b)  -> (artifact id: 'ef5b948eca5c441f59c6f559ed69058e') in 0.064795 seconds
  Import took 0.067940 seconds .

========================================================================
Received Import Request.
  Time since last request: 0.008195 seconds.
  path: Assets/Art/New Art/MENU/4-pt.png
  artifactKey: Guid(5afb76de5c9855148a7089549d3cc5ed) Importer(815301076,1909f56bfc062723c751e8b465ee728b)
Start importing Assets/Art/New Art/MENU/4-pt.png using Guid(5afb76de5c9855148a7089549d3cc5ed) Importer(815301076,1909f56bfc062723c751e8b465ee728b)  -> (artifact id: 'ef5b948eca5c441f59c6f559ed69058e') in 0.012082 seconds
  Import took 0.015305 seconds .

========================================================================
Received Prepare
Registering precompiled user dll's ...
Registered in 0.000607 seconds.
Begin MonoManager ReloadAssembly
Native extension for OSXStandalone target not found
Refreshing native plugins compatible for Editor in 0.34 ms, found 1 plugins.
Preloading 0 native plugins for Editor in 0.00 ms.
Invoked RoslynAnalysisRunner static constructor.
RoslynAnalysisRunner will not be running.
RoslynAnalysisRunner has terminated.
Mono: successfully reloaded assembly
- Completed reload, in  1.633 seconds
Platform modules already initialized, skipping
Switching build target platform(2) subTarget(0) extendedPlatform(0) -> platform(13) subTarget(589824) extendedPlatform(0)
Refreshing native plugins compatible for Editor in 0.41 ms, found 1 plugins.
Preloading 0 native plugins for Editor in 0.00 ms.
Unloading 1210 Unused Serialized files (Serialized files now loaded: 0)
System memory in use before: 131.8 MB.
System memory in use after: 131.9 MB.

Unloading 5 unused Assets to reduce memory usage. Loaded Objects now: 1727.
Total: 2.290763 ms (FindLiveObjects: 0.204979 ms CreateObjectMapping: 0.054733 ms MarkObjects: 1.957364 ms  DeleteObjects: 0.072032 ms)

AssetImportParameters requested are different than current active one (requested -> active):
  custom:graphics/normal-map-encoding: 01000000000000000000000000000000 -> 02000000000000000000000000000000
========================================================================
Received Prepare
Registering precompiled user dll's ...
Registered in 0.000533 seconds.
Begin MonoManager ReloadAssembly
Native extension for OSXStandalone target not found
Refreshing native plugins compatible for Editor in 0.38 ms, found 1 plugins.
Preloading 0 native plugins for Editor in 0.00 ms.
Invoked RoslynAnalysisRunner static constructor.
RoslynAnalysisRunner will not be running.
RoslynAnalysisRunner has terminated.
Mono: successfully reloaded assembly
- Completed reload, in  1.625 seconds
Platform modules already initialized, skipping
Switching build target platform(2) subTarget(0) extendedPlatform(0) -> platform(13) subTarget(589824) extendedPlatform(0)
Refreshing native plugins compatible for Editor in 0.35 ms, found 1 plugins.
Preloading 0 native plugins for Editor in 0.00 ms.
Unloading 1210 Unused Serialized files (Serialized files now loaded: 0)
System memory in use before: 132.0 MB.
System memory in use after: 132.0 MB.

Unloading 5 unused Assets to reduce memory usage. Loaded Objects now: 1730.
Total: 2.582686 ms (FindLiveObjects: 0.195137 ms CreateObjectMapping: 0.058350 ms MarkObjects: 2.240408 ms  DeleteObjects: 0.086705 ms)

AssetImportParameters requested are different than current active one (requested -> active):
  custom:graphics/normal-map-encoding: 01000000000000000000000000000000 -> 02000000000000000000000000000000
========================================================================
Received Prepare
Registering precompiled user dll's ...
Registered in 0.000507 seconds.
Begin MonoManager ReloadAssembly
Native extension for OSXStandalone target not found
Refreshing native plugins compatible for Editor in 0.34 ms, found 1 plugins.
Preloading 0 native plugins for Editor in 0.00 ms.
Invoked RoslynAnalysisRunner static constructor.
RoslynAnalysisRunner will not be running.
RoslynAnalysisRunner has terminated.
Mono: successfully reloaded assembly
- Completed reload, in  1.658 seconds
Platform modules already initialized, skipping
Switching build target platform(2) subTarget(0) extendedPlatform(0) -> platform(13) subTarget(589824) extendedPlatform(0)
Refreshing native plugins compatible for Editor in 0.34 ms, found 1 plugins.
Preloading 0 native plugins for Editor in 0.00 ms.
Unloading 1210 Unused Serialized files (Serialized files now loaded: 0)
System memory in use before: 132.1 MB.
System memory in use after: 132.2 MB.

Unloading 5 unused Assets to reduce memory usage. Loaded Objects now: 1733.
Total: 2.271697 ms (FindLiveObjects: 0.212595 ms CreateObjectMapping: 0.102472 ms MarkObjects: 1.898467 ms  DeleteObjects: 0.056890 ms)

AssetImportParameters requested are different than current active one (requested -> active):
  custom:graphics/normal-map-encoding: 01000000000000000000000000000000 -> 02000000000000000000000000000000
