Using pre-set license
Desktop is 1920 x 1080 @ 60 Hz

 COMMAND LINE ARGUMENTS:
Unity
-adb2
-batchMode
-noUpm
-name
AssetImportWorker0
-projectPath
/home/luis/Documents/LZ/Freelas/Financinha/[Unity] Financinha
-logFile
Logs/AssetImportWorker0.log
-srvPort
44777
Successfully changed project path to: /home/luis/Documents/LZ/Freelas/Financinha/[Unity] Financinha
/home/luis/Documents/LZ/Freelas/Financinha/[Unity] Financinha
Using Asset Import Pipeline V2.
Refreshing native plugins compatible for Editor in 37,27 ms, found 1 plugins.
Preloading 0 native plugins for Editor in 0,00 ms.
Initialize engine version: 2020.3.0f1 (c7b5465681fb)
[Subsystems] Discovering subsystems at path /home/luis/Unity/Hub/Editor/2020.3.0f1/Editor/Data/Resources/UnitySubsystems
[Subsystems] Discovering subsystems at path /home/luis/Documents/LZ/Freelas/Financinha/[Unity] Financinha/Assets
GLX Extensions: GLX_ARB_create_context GLX_ARB_create_context_no_error GLX_ARB_create_context_profile GLX_ARB_create_context_robustness GLX_ARB_fbconfig_float GLX_ARB_framebuffer_sRGB GLX_ARB_get_proc_address GLX_ARB_multisample GLX_EXT_buffer_age GLX_EXT_create_context_es2_profile GLX_EXT_create_context_es_profile GLX_EXT_fbconfig_packed_float GLX_EXT_framebuffer_sRGB GLX_EXT_import_context GLX_EXT_texture_from_pixmap GLX_EXT_visual_info GLX_EXT_visual_rating GLX_INTEL_swap_event GLX_MESA_copy_sub_buffer GLX_MESA_query_renderer GLX_MESA_swap_control GLX_OML_swap_method GLX_OML_sync_control GLX_SGIS_multisample GLX_SGIX_fbconfig GLX_SGIX_pbuffer GLX_SGIX_visual_select_group GLX_SGI_make_current_read GLX_SGI_swap_control GLX_SGI_video_sync 
Renderer: Mesa DRI Intel(R) UHD Graphics 620 (WHL GT2)
Vendor:   Intel Open Source Technology Center
Version:  4.6 (Core Profile) Mesa 20.0.8
GLES:     0
 GL_3DFX_texture_compression_FXT1 GL_AMD_conservative_depth GL_AMD_depth_clamp_separate GL_AMD_draw_buffers_blend GL_AMD_gpu_shader_int64 GL_AMD_multi_draw_indirect GL_AMD_query_buffer_object GL_AMD_seamless_cubemap_per_texture GL_AMD_shader_stencil_export GL_AMD_shader_trinary_minmax GL_AMD_texture_texture4 GL_AMD_vertex_shader_layer GL_AMD_vertex_shader_viewport_index GL_ANGLE_texture_compression_dxt3 GL_ANGLE_texture_compression_dxt5 GL_APPLE_object_purgeable GL_ARB_ES2_compatibility GL_ARB_ES3_1_compatibility GL_ARB_ES3_2_compatibility GL_ARB_ES3_compatibility GL_ARB_arrays_of_arrays GL_ARB_base_instance GL_ARB_blend_func_extended GL_ARB_buffer_storage GL_ARB_clear_buffer_object GL_ARB_clear_texture GL_ARB_clip_control GL_ARB_compressed_texture_pixel_storage GL_ARB_compute_shader GL_ARB_conditional_render_inverted GL_ARB_conservative_depth GL_ARB_copy_buffer GL_ARB_copy_image GL_ARB_cull_distance GL_ARB_debug_output GL_ARB_depth_buffer_float GL_ARB_depth_clamp GL_ARB_derivative_control GL_ARB_direct_stat
e_access GL_ARB_draw_buffers GL_ARB_draw_buffers_blend GL_ARB_draw_elements_base_vertex GL_ARB_draw_indirect GL_ARB_draw_instanced GL_ARB_enhanced_layouts GL_ARB_explicit_attrib_location GL_ARB_explicit_uniform_location GL_ARB_fragment_coord_conventions GL_ARB_fragment_layer_viewport GL_ARB_fragment_shader GL_ARB_fragment_shader_interlock GL_ARB_framebuffer_no_attachments GL_ARB_framebuffer_object GL_ARB_framebuffer_sRGB GL_ARB_get_program_binary GL_ARB_get_texture_sub_image GL_ARB_gl_spirv GL_ARB_gpu_shader5 GL_ARB_gpu_shader_fp64 GL_ARB_gpu_shader_int64 GL_ARB_half_float_pixel GL_ARB_half_float_vertex GL_ARB_indirect_parameters GL_ARB_instanced_arrays GL_ARB_internalformat_query GL_ARB_internalformat_query2 GL_ARB_invalidate_subdata GL_ARB_map_buffer_alignment GL_ARB_map_buffer_range GL_ARB_multi_bind GL_ARB_multi_draw_indirect GL_ARB_occlusion_query2 GL_ARB_parallel_shader_compile GL_ARB_pipeline_statistics_query GL_ARB_pixel_buffer_object GL_ARB_point_sprite GL_ARB_polygon_offset_clamp GL_ARB_post_depth_
coverage GL_ARB_program_interface_query GL_ARB_provoking_vertex GL_ARB_query_buffer_object GL_ARB_robust_buffer_access_behavior GL_ARB_robustness GL_ARB_sample_shading GL_ARB_sampler_objects GL_ARB_seamless_cube_map GL_ARB_seamless_cubemap_per_texture GL_ARB_separate_shader_objects GL_ARB_shader_atomic_counter_ops GL_ARB_shader_atomic_counters GL_ARB_shader_ballot GL_ARB_shader_bit_encoding GL_ARB_shader_clock GL_ARB_shader_draw_parameters GL_ARB_shader_group_vote GL_ARB_shader_image_load_store GL_ARB_shader_image_size GL_ARB_shader_objects GL_ARB_shader_precision GL_ARB_shader_stencil_export GL_ARB_shader_storage_buffer_object GL_ARB_shader_subroutine GL_ARB_shader_texture_image_samples GL_ARB_shader_texture_lod GL_ARB_shader_viewport_layer_array GL_ARB_shading_language_420pack GL_ARB_shading_language_include GL_ARB_shading_language_packing GL_ARB_spirv_extensions GL_ARB_stencil_texturing GL_ARB_sync GL_ARB_tessellation_shader GL_ARB_texture_barrier GL_ARB_texture_buffer_object GL_ARB_texture_buffer_object_
rgb32 GL_ARB_texture_buffer_range GL_ARB_texture_compression_bptc GL_ARB_texture_compression_rgtc GL_ARB_texture_cube_map_array GL_ARB_texture_filter_anisotropic GL_ARB_texture_float GL_ARB_texture_gather GL_ARB_texture_mirror_clamp_to_edge GL_ARB_texture_multisample GL_ARB_texture_non_power_of_two GL_ARB_texture_query_levels GL_ARB_texture_query_lod GL_ARB_texture_rectangle GL_ARB_texture_rg GL_ARB_texture_rgb10_a2ui GL_ARB_texture_stencil8 GL_ARB_texture_storage GL_ARB_texture_storage_multisample GL_ARB_texture_swizzle GL_ARB_texture_view GL_ARB_timer_query GL_ARB_transform_feedback2 GL_ARB_transform_feedback3 GL_ARB_transform_feedback_instanced GL_ARB_transform_feedback_overflow_query GL_ARB_uniform_buffer_object GL_ARB_vertex_array_bgra GL_ARB_vertex_array_object GL_ARB_vertex_attrib_64bit GL_ARB_vertex_attrib_binding GL_ARB_vertex_buffer_object GL_ARB_vertex_shader GL_ARB_vertex_type_10f_11f_11f_rev GL_ARB_vertex_type_2_10_10_10_rev GL_ARB_viewport_array GL_ATI_blend_equation_separate GL_ATI_texture_flo
at GL_EXT_EGL_image_storage GL_EXT_EGL_sync GL_EXT_abgr GL_EXT_blend_equation_separate GL_EXT_demote_to_helper_invocation GL_EXT_draw_buffers2 GL_EXT_draw_instanced GL_EXT_framebuffer_blit GL_EXT_framebuffer_multisample GL_EXT_framebuffer_multisample_blit_scaled GL_EXT_framebuffer_object GL_EXT_framebuffer_sRGB GL_EXT_packed_depth_stencil GL_EXT_packed_float GL_EXT_pixel_buffer_object GL_EXT_polygon_offset_clamp GL_EXT_provoking_vertex GL_EXT_shader_framebuffer_fetch GL_EXT_shader_framebuffer_fetch_non_coherent GL_EXT_shader_integer_mix GL_EXT_shader_samples_identical GL_EXT_texture_array GL_EXT_texture_compression_dxt1 GL_EXT_texture_compression_rgtc GL_EXT_texture_compression_s3tc GL_EXT_texture_filter_anisotropic GL_EXT_texture_integer GL_EXT_texture_sRGB GL_EXT_texture_sRGB_R8 GL_EXT_texture_sRGB_decode GL_EXT_texture_shadow_lod GL_EXT_texture_shared_exponent GL_EXT_texture_snorm GL_EXT_texture_swizzle GL_EXT_timer_query GL_EXT_transform_feedback GL_EXT_vertex_array_bgra GL_EXT_vertex_attrib_64bit GL_IBM
_multimode_draw_arrays GL_INTEL_conservative_rasterization GL_INTEL_performance_query GL_INTEL_shader_atomic_float_minmax GL_INTEL_shader_integer_functions2 GL_KHR_blend_equation_advanced GL_KHR_blend_equation_advanced_coherent GL_KHR_context_flush_control GL_KHR_debug GL_KHR_no_error GL_KHR_parallel_shader_compile GL_KHR_robust_buffer_access_behavior GL_KHR_robustness GL_KHR_texture_compression_astc_ldr GL_KHR_texture_compression_astc_sliced_3d GL_MESA_framebuffer_flip_y GL_MESA_pack_invert GL_MESA_shader_integer_functions GL_MESA_texture_signed_rgba GL_NV_compute_shader_derivatives GL_NV_conditional_render GL_NV_depth_clamp GL_NV_fragment_shader_interlock GL_NV_packed_depth_stencil GL_NV_texture_barrier GL_OES_EGL_image GL_S3_s3tc
OPENGL LOG: Creating OpenGL 4.6 graphics device ; Context level  <OpenGL 4.5> ; Context handle -208108016
Initialize mono
Mono path[0] = '/home/luis/Unity/Hub/Editor/2020.3.0f1/Editor/Data/Managed'
Mono path[1] = '/home/luis/Unity/Hub/Editor/2020.3.0f1/Editor/Data/MonoBleedingEdge/lib/mono/unityjit'
Mono config path = '/home/luis/Unity/Hub/Editor/2020.3.0f1/Editor/Data/MonoBleedingEdge/etc'
Using monoOptions --debugger-agent=transport=dt_socket,embedding=1,server=y,suspend=n,address=127.0.0.1:56671
Begin MonoManager ReloadAssembly
Registering precompiled unity dll's ...
Register platform support module: /home/luis/Unity/Hub/Editor/2020.3.0f1/Editor/Data/PlaybackEngines/LinuxStandaloneSupport/UnityEditor.LinuxStandalone.Extensions.dll
Registered in 0,000922 seconds.
Native extension for LinuxStandalone target not found
Refreshing native plugins compatible for Editor in 36,33 ms, found 1 plugins.
Preloading 0 native plugins for Editor in 0,00 ms.
Invoked RoslynAnalysisRunner static constructor.
RoslynAnalysisRunner will not be running.
RoslynAnalysisRunner has terminated.
Mono: successfully reloaded assembly
- Completed reload, in  0,972 seconds
Platform modules already initialized, skipping
Registering precompiled user dll's ...
Registered in 0,000686 seconds.
Begin MonoManager ReloadAssembly
Native extension for LinuxStandalone target not found
Refreshing native plugins compatible for Editor in 38,27 ms, found 1 plugins.
Preloading 0 native plugins for Editor in 0,00 ms.
Invoked RoslynAnalysisRunner static constructor.
RoslynAnalysisRunner will not be running.
RoslynAnalysisRunner has terminated.
NullReferenceException: Object reference not set to an instance of an object
  at XT.Enhancer.Package..cctor () [0x00019] in /home/luis/Documents/LZ/Freelas/Financinha/[Unity] Financinha/Library/PackageCache/com.xeleh.enhancer@78e062bf54/Editor/Package.cs:10 
Rethrow as TypeInitializationException: The type initializer for 'XT.Enhancer.Package' threw an exception.


(Filename: Library/PackageCache/com.xeleh.enhancer@78e062bf54/Editor/Package.cs Line: 10)

Mono: successfully reloaded assembly
- Completed reload, in  0,746 seconds
Platform modules already initialized, skipping
========================================================================
Worker process is ready to serve import requests
Launched and connected shader compiler UnityShaderCompiler after 0.01 seconds
Refreshing native plugins compatible for Editor in 0,52 ms, found 1 plugins.
Preloading 0 native plugins for Editor in 0,00 ms.
Unloading 1987 Unused Serialized files (Serialized files now loaded: 0)
System memory in use before: 87,0 MB.
System memory in use after: 87,1 MB.

Unloading 19 unused Assets to reduce memory usage. Loaded Objects now: 2445.
Total: 2,889977 ms (FindLiveObjects: 0,200328 ms CreateObjectMapping: 0,072041 ms MarkObjects: 2,497512 ms  DeleteObjects: 0,118561 ms)

========================================================================
Received Import Request.
  path: Assets/Scripts/UI/PermissionCheck.cs
  artifactKey: Guid(764f8cca61b4d1246a0d4c2e014f6d3c) Importer(815301076,1909f56bfc062723c751e8b465ee728b)
Start importing Assets/Scripts/UI/PermissionCheck.cs using Guid(764f8cca61b4d1246a0d4c2e014f6d3c) Importer(815301076,1909f56bfc062723c751e8b465ee728b)  -> (artifact id: '48addf2ed3412ee771d95dc23a8407ca') in 0,004728 seconds
  Import took 0,007874 seconds .

========================================================================
Received Import Request.
  Time since last request: 0,000260 seconds.
  path: Assets/Scripts/UI/DistributeObjectiveValues.cs
  artifactKey: Guid(ed0b3460026f382e6be09caad45e87c3) Importer(815301076,1909f56bfc062723c751e8b465ee728b)
Start importing Assets/Scripts/UI/DistributeObjectiveValues.cs using Guid(ed0b3460026f382e6be09caad45e87c3) Importer(815301076,1909f56bfc062723c751e8b465ee728b)  -> (artifact id: '3a094de16cd9cd2407e8d77a8f8d13cf') in 0,000535 seconds
  Import took 0,003047 seconds .

========================================================================
Received Prepare
Registering precompiled user dll's ...
Registered in 0,000682 seconds.
Begin MonoManager ReloadAssembly
Native extension for LinuxStandalone target not found
Refreshing native plugins compatible for Editor in 0,43 ms, found 1 plugins.
Preloading 0 native plugins for Editor in 0,00 ms.
Invoked RoslynAnalysisRunner static constructor.
RoslynAnalysisRunner will not be running.
RoslynAnalysisRunner has terminated.
NullReferenceException: Object reference not set to an instance of an object
  at XT.Enhancer.Package..cctor () [0x00019] in /home/luis/Documents/LZ/Freelas/Financinha/[Unity] Financinha/Library/PackageCache/com.xeleh.enhancer@78e062bf54/Editor/Package.cs:10 
Rethrow as TypeInitializationException: The type initializer for 'XT.Enhancer.Package' threw an exception.


(Filename: Library/PackageCache/com.xeleh.enhancer@78e062bf54/Editor/Package.cs Line: 10)

Mono: successfully reloaded assembly
- Completed reload, in  0,695 seconds
Platform modules already initialized, skipping
Switching build target platform(24) subTarget(0) extendedPlatform(0) -> platform(13) subTarget(537395200) extendedPlatform(0)
Refreshing native plugins compatible for Editor in 0,42 ms, found 1 plugins.
Preloading 0 native plugins for Editor in 0,00 ms.
Unloading 1970 Unused Serialized files (Serialized files now loaded: 0)
System memory in use before: 85,9 MB.
System memory in use after: 86,0 MB.

Unloading 8 unused Assets to reduce memory usage. Loaded Objects now: 2448.
Total: 4,748276 ms (FindLiveObjects: 0,387583 ms CreateObjectMapping: 0,173729 ms MarkObjects: 4,128598 ms  DeleteObjects: 0,055723 ms)

AssetImportParameters requested are different than current active one (requested -> active):
  custom:graphics/normal-map-encoding: 01000000000000000000000000000000 -> 02000000000000000000000000000000
========================================================================
Received Import Request.
  Time since last request: 259,689974 seconds.
  path: Assets/Scripts/UI/DistributeObjectiveValues.cs
  artifactKey: Guid(ed0b3460026f382e6be09caad45e87c3) Importer(815301076,1909f56bfc062723c751e8b465ee728b)
Start importing Assets/Scripts/UI/DistributeObjectiveValues.cs using Guid(ed0b3460026f382e6be09caad45e87c3) Importer(815301076,1909f56bfc062723c751e8b465ee728b)  -> (artifact id: '809bb1b4254cef0fd581e21b1be16502') in 0,004378 seconds
  Import took 0,008823 seconds .

========================================================================
Received Import Request.
  Time since last request: 106,098867 seconds.
  path: Assets/Scripts/UI/DistributeObjectiveValues.cs
  artifactKey: Guid(ed0b3460026f382e6be09caad45e87c3) Importer(815301076,1909f56bfc062723c751e8b465ee728b)
Start importing Assets/Scripts/UI/DistributeObjectiveValues.cs using Guid(ed0b3460026f382e6be09caad45e87c3) Importer(815301076,1909f56bfc062723c751e8b465ee728b)  -> (artifact id: '910e5e84540bd118fad93f5ec6f0f35b') in 0,000652 seconds
  Import took 0,003886 seconds .

========================================================================
Received Import Request.
  Time since last request: 0,002969 seconds.
  path: Assets/Scripts/UI/DistributeObjectiveValues.cs
  artifactKey: Guid(ed0b3460026f382e6be09caad45e87c3) Importer(815301076,1909f56bfc062723c751e8b465ee728b)
Start importing Assets/Scripts/UI/DistributeObjectiveValues.cs using Guid(ed0b3460026f382e6be09caad45e87c3) Importer(815301076,1909f56bfc062723c751e8b465ee728b)  -> (artifact id: '910e5e84540bd118fad93f5ec6f0f35b') in 0,000669 seconds
  Import took 0,004332 seconds .

========================================================================
Received Import Request.
  Time since last request: 266,364617 seconds.
  path: Assets/Scripts/UI/DistributeObjectiveValues.cs
  artifactKey: Guid(ed0b3460026f382e6be09caad45e87c3) Importer(815301076,1909f56bfc062723c751e8b465ee728b)
Start importing Assets/Scripts/UI/DistributeObjectiveValues.cs using Guid(ed0b3460026f382e6be09caad45e87c3) Importer(815301076,1909f56bfc062723c751e8b465ee728b)  -> (artifact id: 'cf5851dd9bc70c405cfc39cbe29c62eb') in 0,000833 seconds
  Import took 0,004794 seconds .

========================================================================
Received Import Request.
  Time since last request: 0,011546 seconds.
  path: Assets/Scripts/UI/DistributeObjectiveValues.cs
  artifactKey: Guid(ed0b3460026f382e6be09caad45e87c3) Importer(815301076,1909f56bfc062723c751e8b465ee728b)
Start importing Assets/Scripts/UI/DistributeObjectiveValues.cs using Guid(ed0b3460026f382e6be09caad45e87c3) Importer(815301076,1909f56bfc062723c751e8b465ee728b)  -> (artifact id: 'cf5851dd9bc70c405cfc39cbe29c62eb') in 0,000682 seconds
  Import took 0,004351 seconds .

========================================================================
Received Import Request.
  Time since last request: 10,160335 seconds.
  path: Assets/Scripts/UI/DistributeObjectiveValues.cs
  artifactKey: Guid(ed0b3460026f382e6be09caad45e87c3) Importer(815301076,1909f56bfc062723c751e8b465ee728b)
Start importing Assets/Scripts/UI/DistributeObjectiveValues.cs using Guid(ed0b3460026f382e6be09caad45e87c3) Importer(815301076,1909f56bfc062723c751e8b465ee728b)  -> (artifact id: '19a76b727a692693af53823cf614c369') in 0,000623 seconds
  Import took 0,003944 seconds .

========================================================================
Received Import Request.
  Time since last request: 0,002922 seconds.
  path: Assets/Scripts/UI/DistributeObjectiveValues.cs
  artifactKey: Guid(ed0b3460026f382e6be09caad45e87c3) Importer(815301076,1909f56bfc062723c751e8b465ee728b)
Start importing Assets/Scripts/UI/DistributeObjectiveValues.cs using Guid(ed0b3460026f382e6be09caad45e87c3) Importer(815301076,1909f56bfc062723c751e8b465ee728b)  -> (artifact id: '19a76b727a692693af53823cf614c369') in 0,000646 seconds
  Import took 0,004245 seconds .

========================================================================
Received Import Request.
  Time since last request: 14,796416 seconds.
  path: Assets/Scripts/UI/DistributeObjectiveValues.cs
  artifactKey: Guid(ed0b3460026f382e6be09caad45e87c3) Importer(815301076,1909f56bfc062723c751e8b465ee728b)
Start importing Assets/Scripts/UI/DistributeObjectiveValues.cs using Guid(ed0b3460026f382e6be09caad45e87c3) Importer(815301076,1909f56bfc062723c751e8b465ee728b)  -> (artifact id: 'd3e3ea44b488393fd28532f9f09b7f02') in 0,000666 seconds
  Import took 0,004476 seconds .

========================================================================
Received Import Request.
  Time since last request: 0,002760 seconds.
  path: Assets/Scripts/UI/DistributeObjectiveValues.cs
  artifactKey: Guid(ed0b3460026f382e6be09caad45e87c3) Importer(815301076,1909f56bfc062723c751e8b465ee728b)
Start importing Assets/Scripts/UI/DistributeObjectiveValues.cs using Guid(ed0b3460026f382e6be09caad45e87c3) Importer(815301076,1909f56bfc062723c751e8b465ee728b)  -> (artifact id: 'd3e3ea44b488393fd28532f9f09b7f02') in 0,000622 seconds
  Import took 0,003959 seconds .

========================================================================
Received Prepare
Registering precompiled user dll's ...
Registered in 0,000658 seconds.
Begin MonoManager ReloadAssembly
Native extension for LinuxStandalone target not found
Refreshing native plugins compatible for Editor in 0,40 ms, found 1 plugins.
Preloading 0 native plugins for Editor in 0,00 ms.
Invoked RoslynAnalysisRunner static constructor.
RoslynAnalysisRunner will not be running.
RoslynAnalysisRunner has terminated.
NullReferenceException: Object reference not set to an instance of an object
  at XT.Enhancer.Package..cctor () [0x00019] in /home/luis/Documents/LZ/Freelas/Financinha/[Unity] Financinha/Library/PackageCache/com.xeleh.enhancer@78e062bf54/Editor/Package.cs:10 
Rethrow as TypeInitializationException: The type initializer for 'XT.Enhancer.Package' threw an exception.


(Filename: Library/PackageCache/com.xeleh.enhancer@78e062bf54/Editor/Package.cs Line: 10)

Mono: successfully reloaded assembly
- Completed reload, in  0,696 seconds
Platform modules already initialized, skipping
Switching build target platform(24) subTarget(0) extendedPlatform(0) -> platform(13) subTarget(537395200) extendedPlatform(0)
Refreshing native plugins compatible for Editor in 0,41 ms, found 1 plugins.
Preloading 0 native plugins for Editor in 0,00 ms.
Unloading 1970 Unused Serialized files (Serialized files now loaded: 0)
System memory in use before: 86,0 MB.
System memory in use after: 86,1 MB.

Unloading 8 unused Assets to reduce memory usage. Loaded Objects now: 2451.
Total: 2,357128 ms (FindLiveObjects: 0,186360 ms CreateObjectMapping: 0,049495 ms MarkObjects: 2,086443 ms  DeleteObjects: 0,033505 ms)

AssetImportParameters requested are different than current active one (requested -> active):
  custom:graphics/normal-map-encoding: 01000000000000000000000000000000 -> 02000000000000000000000000000000
========================================================================
Received Import Request.
  Time since last request: 32,373409 seconds.
  path: Assets/Scripts/UI/DistributeObjectiveValues.cs
  artifactKey: Guid(ed0b3460026f382e6be09caad45e87c3) Importer(815301076,1909f56bfc062723c751e8b465ee728b)
Start importing Assets/Scripts/UI/DistributeObjectiveValues.cs using Guid(ed0b3460026f382e6be09caad45e87c3) Importer(815301076,1909f56bfc062723c751e8b465ee728b)  -> (artifact id: 'a0b7948076a31aba959907c90ac3346f') in 0,003104 seconds
  Import took 0,005878 seconds .

========================================================================
Received Prepare
Registering precompiled user dll's ...
Registered in 0,000661 seconds.
Begin MonoManager ReloadAssembly
Native extension for LinuxStandalone target not found
Refreshing native plugins compatible for Editor in 0,53 ms, found 1 plugins.
Preloading 0 native plugins for Editor in 0,00 ms.
Invoked RoslynAnalysisRunner static constructor.
RoslynAnalysisRunner will not be running.
RoslynAnalysisRunner has terminated.
NullReferenceException: Object reference not set to an instance of an object
  at XT.Enhancer.Package..cctor () [0x00019] in /home/luis/Documents/LZ/Freelas/Financinha/[Unity] Financinha/Library/PackageCache/com.xeleh.enhancer@78e062bf54/Editor/Package.cs:10 
Rethrow as TypeInitializationException: The type initializer for 'XT.Enhancer.Package' threw an exception.


(Filename: Library/PackageCache/com.xeleh.enhancer@78e062bf54/Editor/Package.cs Line: 10)

Mono: successfully reloaded assembly
- Completed reload, in  0,787 seconds
Platform modules already initialized, skipping
Switching build target platform(24) subTarget(0) extendedPlatform(0) -> platform(13) subTarget(537395200) extendedPlatform(0)
Refreshing native plugins compatible for Editor in 0,42 ms, found 1 plugins.
Preloading 0 native plugins for Editor in 0,00 ms.
Unloading 1970 Unused Serialized files (Serialized files now loaded: 0)
System memory in use before: 86,0 MB.
System memory in use after: 86,1 MB.

Unloading 8 unused Assets to reduce memory usage. Loaded Objects now: 2454.
Total: 6,024561 ms (FindLiveObjects: 0,395797 ms CreateObjectMapping: 0,249270 ms MarkObjects: 5,322221 ms  DeleteObjects: 0,055103 ms)

AssetImportParameters requested are different than current active one (requested -> active):
  custom:graphics/normal-map-encoding: 01000000000000000000000000000000 -> 02000000000000000000000000000000
========================================================================
Received Import Request.
  Time since last request: 253,388555 seconds.
  path: Assets/Scripts/UI/DistributeObjectiveValues.cs
  artifactKey: Guid(ed0b3460026f382e6be09caad45e87c3) Importer(815301076,1909f56bfc062723c751e8b465ee728b)
Start importing Assets/Scripts/UI/DistributeObjectiveValues.cs using Guid(ed0b3460026f382e6be09caad45e87c3) Importer(815301076,1909f56bfc062723c751e8b465ee728b)  -> (artifact id: '80dac4ada0d52c8f01326674e2f1cd30') in 0,004523 seconds
  Import took 0,008951 seconds .

========================================================================
Received Prepare
Registering precompiled user dll's ...
Registered in 0,000738 seconds.
Begin MonoManager ReloadAssembly
Native extension for LinuxStandalone target not found
Refreshing native plugins compatible for Editor in 0,45 ms, found 1 plugins.
Preloading 0 native plugins for Editor in 0,00 ms.
Invoked RoslynAnalysisRunner static constructor.
RoslynAnalysisRunner will not be running.
RoslynAnalysisRunner has terminated.
NullReferenceException: Object reference not set to an instance of an object
  at XT.Enhancer.Package..cctor () [0x00019] in /home/luis/Documents/LZ/Freelas/Financinha/[Unity] Financinha/Library/PackageCache/com.xeleh.enhancer@78e062bf54/Editor/Package.cs:10 
Rethrow as TypeInitializationException: The type initializer for 'XT.Enhancer.Package' threw an exception.


(Filename: Library/PackageCache/com.xeleh.enhancer@78e062bf54/Editor/Package.cs Line: 10)

Mono: successfully reloaded assembly
- Completed reload, in  0,673 seconds
Platform modules already initialized, skipping
Switching build target platform(24) subTarget(0) extendedPlatform(0) -> platform(13) subTarget(537395200) extendedPlatform(0)
Refreshing native plugins compatible for Editor in 0,56 ms, found 1 plugins.
Preloading 0 native plugins for Editor in 0,00 ms.
Unloading 1970 Unused Serialized files (Serialized files now loaded: 0)
System memory in use before: 86,0 MB.
System memory in use after: 86,1 MB.

Unloading 8 unused Assets to reduce memory usage. Loaded Objects now: 2457.
Total: 3,055249 ms (FindLiveObjects: 0,339766 ms CreateObjectMapping: 0,078278 ms MarkObjects: 2,595800 ms  DeleteObjects: 0,040040 ms)

AssetImportParameters requested are different than current active one (requested -> active):
  custom:graphics/normal-map-encoding: 01000000000000000000000000000000 -> 02000000000000000000000000000000
========================================================================
Received Prepare
Registering precompiled user dll's ...
Registered in 0,000701 seconds.
Begin MonoManager ReloadAssembly
Native extension for LinuxStandalone target not found
Refreshing native plugins compatible for Editor in 0,49 ms, found 1 plugins.
Preloading 0 native plugins for Editor in 0,00 ms.
Invoked RoslynAnalysisRunner static constructor.
RoslynAnalysisRunner will not be running.
RoslynAnalysisRunner has terminated.
NullReferenceException: Object reference not set to an instance of an object
  at XT.Enhancer.Package..cctor () [0x00019] in /home/luis/Documents/LZ/Freelas/Financinha/[Unity] Financinha/Library/PackageCache/com.xeleh.enhancer@78e062bf54/Editor/Package.cs:10 
Rethrow as TypeInitializationException: The type initializer for 'XT.Enhancer.Package' threw an exception.


(Filename: Library/PackageCache/com.xeleh.enhancer@78e062bf54/Editor/Package.cs Line: 10)

Mono: successfully reloaded assembly
- Completed reload, in  0,679 seconds
Platform modules already initialized, skipping
Switching build target platform(24) subTarget(0) extendedPlatform(0) -> platform(13) subTarget(537395200) extendedPlatform(0)
Refreshing native plugins compatible for Editor in 0,41 ms, found 1 plugins.
Preloading 0 native plugins for Editor in 0,00 ms.
Unloading 1970 Unused Serialized files (Serialized files now loaded: 0)
System memory in use before: 86,0 MB.
System memory in use after: 86,1 MB.

Unloading 8 unused Assets to reduce memory usage. Loaded Objects now: 2460.
Total: 2,331262 ms (FindLiveObjects: 0,215501 ms CreateObjectMapping: 0,062366 ms MarkObjects: 2,020059 ms  DeleteObjects: 0,032365 ms)

AssetImportParameters requested are different than current active one (requested -> active):
  custom:graphics/normal-map-encoding: 01000000000000000000000000000000 -> 02000000000000000000000000000000
========================================================================
Received Prepare
Registering precompiled user dll's ...
Registered in 0,000647 seconds.
Begin MonoManager ReloadAssembly
Native extension for LinuxStandalone target not found
Refreshing native plugins compatible for Editor in 0,44 ms, found 1 plugins.
Preloading 0 native plugins for Editor in 0,00 ms.
Invoked RoslynAnalysisRunner static constructor.
RoslynAnalysisRunner will not be running.
RoslynAnalysisRunner has terminated.
NullReferenceException: Object reference not set to an instance of an object
  at XT.Enhancer.Package..cctor () [0x00019] in /home/luis/Documents/LZ/Freelas/Financinha/[Unity] Financinha/Library/PackageCache/com.xeleh.enhancer@78e062bf54/Editor/Package.cs:10 
Rethrow as TypeInitializationException: The type initializer for 'XT.Enhancer.Package' threw an exception.


(Filename: Library/PackageCache/com.xeleh.enhancer@78e062bf54/Editor/Package.cs Line: 10)

Mono: successfully reloaded assembly
- Completed reload, in  0,681 seconds
Platform modules already initialized, skipping
Switching build target platform(24) subTarget(0) extendedPlatform(0) -> platform(13) subTarget(537395200) extendedPlatform(0)
Refreshing native plugins compatible for Editor in 0,39 ms, found 1 plugins.
Preloading 0 native plugins for Editor in 0,00 ms.
Unloading 1970 Unused Serialized files (Serialized files now loaded: 0)
System memory in use before: 86,0 MB.
System memory in use after: 86,1 MB.

Unloading 8 unused Assets to reduce memory usage. Loaded Objects now: 2463.
Total: 2,365677 ms (FindLiveObjects: 0,172741 ms CreateObjectMapping: 0,057935 ms MarkObjects: 2,102183 ms  DeleteObjects: 0,031891 ms)

AssetImportParameters requested are different than current active one (requested -> active):
  custom:graphics/normal-map-encoding: 01000000000000000000000000000000 -> 02000000000000000000000000000000
========================================================================
Received Prepare
Registering precompiled user dll's ...
Registered in 0,000663 seconds.
Begin MonoManager ReloadAssembly
Native extension for LinuxStandalone target not found
Refreshing native plugins compatible for Editor in 0,44 ms, found 1 plugins.
Preloading 0 native plugins for Editor in 0,00 ms.
Invoked RoslynAnalysisRunner static constructor.
RoslynAnalysisRunner will not be running.
RoslynAnalysisRunner has terminated.
NullReferenceException: Object reference not set to an instance of an object
  at XT.Enhancer.Package..cctor () [0x00019] in /home/luis/Documents/LZ/Freelas/Financinha/[Unity] Financinha/Library/PackageCache/com.xeleh.enhancer@78e062bf54/Editor/Package.cs:10 
Rethrow as TypeInitializationException: The type initializer for 'XT.Enhancer.Package' threw an exception.


(Filename: Library/PackageCache/com.xeleh.enhancer@78e062bf54/Editor/Package.cs Line: 10)

Mono: successfully reloaded assembly
- Completed reload, in  0,683 seconds
Platform modules already initialized, skipping
Switching build target platform(24) subTarget(0) extendedPlatform(0) -> platform(13) subTarget(537395200) extendedPlatform(0)
Refreshing native plugins compatible for Editor in 0,40 ms, found 1 plugins.
Preloading 0 native plugins for Editor in 0,00 ms.
Unloading 1970 Unused Serialized files (Serialized files now loaded: 0)
System memory in use before: 86,0 MB.
System memory in use after: 86,1 MB.

Unloading 8 unused Assets to reduce memory usage. Loaded Objects now: 2466.
Total: 2,354709 ms (FindLiveObjects: 0,184704 ms CreateObjectMapping: 0,068116 ms MarkObjects: 2,067308 ms  DeleteObjects: 0,033735 ms)

AssetImportParameters requested are different than current active one (requested -> active):
  custom:graphics/normal-map-encoding: 01000000000000000000000000000000 -> 02000000000000000000000000000000
========================================================================
Received Prepare
Registering precompiled user dll's ...
Registered in 0,000659 seconds.
Begin MonoManager ReloadAssembly
Native extension for LinuxStandalone target not found
Refreshing native plugins compatible for Editor in 0,44 ms, found 1 plugins.
Preloading 0 native plugins for Editor in 0,00 ms.
Invoked RoslynAnalysisRunner static constructor.
RoslynAnalysisRunner will not be running.
RoslynAnalysisRunner has terminated.
NullReferenceException: Object reference not set to an instance of an object
  at XT.Enhancer.Package..cctor () [0x00019] in /home/luis/Documents/LZ/Freelas/Financinha/[Unity] Financinha/Library/PackageCache/com.xeleh.enhancer@78e062bf54/Editor/Package.cs:10 
Rethrow as TypeInitializationException: The type initializer for 'XT.Enhancer.Package' threw an exception.


(Filename: Library/PackageCache/com.xeleh.enhancer@78e062bf54/Editor/Package.cs Line: 10)

Mono: successfully reloaded assembly
- Completed reload, in  0,697 seconds
Platform modules already initialized, skipping
Switching build target platform(24) subTarget(0) extendedPlatform(0) -> platform(13) subTarget(537395200) extendedPlatform(0)
Refreshing native plugins compatible for Editor in 0,44 ms, found 1 plugins.
Preloading 0 native plugins for Editor in 0,00 ms.
Unloading 1970 Unused Serialized files (Serialized files now loaded: 0)
System memory in use before: 86,0 MB.
System memory in use after: 86,1 MB.

Unloading 8 unused Assets to reduce memory usage. Loaded Objects now: 2469.
Total: 2,560717 ms (FindLiveObjects: 0,221227 ms CreateObjectMapping: 0,070142 ms MarkObjects: 2,230828 ms  DeleteObjects: 0,037282 ms)

AssetImportParameters requested are different than current active one (requested -> active):
  custom:graphics/normal-map-encoding: 01000000000000000000000000000000 -> 02000000000000000000000000000000
========================================================================
Received Prepare
Registering precompiled user dll's ...
Registered in 0,000763 seconds.
Begin MonoManager ReloadAssembly
Native extension for LinuxStandalone target not found
Refreshing native plugins compatible for Editor in 0,49 ms, found 1 plugins.
Preloading 0 native plugins for Editor in 0,00 ms.
Invoked RoslynAnalysisRunner static constructor.
RoslynAnalysisRunner will not be running.
RoslynAnalysisRunner has terminated.
NullReferenceException: Object reference not set to an instance of an object
  at XT.Enhancer.Package..cctor () [0x00019] in /home/luis/Documents/LZ/Freelas/Financinha/[Unity] Financinha/Library/PackageCache/com.xeleh.enhancer@78e062bf54/Editor/Package.cs:10 
Rethrow as TypeInitializationException: The type initializer for 'XT.Enhancer.Package' threw an exception.


(Filename: Library/PackageCache/com.xeleh.enhancer@78e062bf54/Editor/Package.cs Line: 10)

Mono: successfully reloaded assembly
- Completed reload, in  0,774 seconds
Platform modules already initialized, skipping
Switching build target platform(24) subTarget(0) extendedPlatform(0) -> platform(13) subTarget(537395200) extendedPlatform(0)
Refreshing native plugins compatible for Editor in 0,42 ms, found 1 plugins.
Preloading 0 native plugins for Editor in 0,00 ms.
Unloading 1970 Unused Serialized files (Serialized files now loaded: 0)
System memory in use before: 86,0 MB.
System memory in use after: 86,1 MB.

Unloading 8 unused Assets to reduce memory usage. Loaded Objects now: 2472.
Total: 2,394864 ms (FindLiveObjects: 0,216497 ms CreateObjectMapping: 0,050251 ms MarkObjects: 2,090673 ms  DeleteObjects: 0,035600 ms)

AssetImportParameters requested are different than current active one (requested -> active):
  custom:graphics/normal-map-encoding: 01000000000000000000000000000000 -> 02000000000000000000000000000000
========================================================================
Received Prepare
Registering precompiled user dll's ...
Registered in 0,000723 seconds.
Begin MonoManager ReloadAssembly
Native extension for LinuxStandalone target not found
Refreshing native plugins compatible for Editor in 0,43 ms, found 1 plugins.
Preloading 0 native plugins for Editor in 0,00 ms.
Invoked RoslynAnalysisRunner static constructor.
RoslynAnalysisRunner will not be running.
RoslynAnalysisRunner has terminated.
NullReferenceException: Object reference not set to an instance of an object
  at XT.Enhancer.Package..cctor () [0x00019] in /home/luis/Documents/LZ/Freelas/Financinha/[Unity] Financinha/Library/PackageCache/com.xeleh.enhancer@78e062bf54/Editor/Package.cs:10 
Rethrow as TypeInitializationException: The type initializer for 'XT.Enhancer.Package' threw an exception.


(Filename: Library/PackageCache/com.xeleh.enhancer@78e062bf54/Editor/Package.cs Line: 10)

Mono: successfully reloaded assembly
- Completed reload, in  0,739 seconds
Platform modules already initialized, skipping
Switching build target platform(24) subTarget(0) extendedPlatform(0) -> platform(13) subTarget(537395200) extendedPlatform(0)
Refreshing native plugins compatible for Editor in 0,45 ms, found 1 plugins.
Preloading 0 native plugins for Editor in 0,00 ms.
Unloading 1970 Unused Serialized files (Serialized files now loaded: 0)
System memory in use before: 86,1 MB.
System memory in use after: 86,1 MB.

Unloading 8 unused Assets to reduce memory usage. Loaded Objects now: 2475.
Total: 3,244079 ms (FindLiveObjects: 0,226193 ms CreateObjectMapping: 0,052274 ms MarkObjects: 2,917728 ms  DeleteObjects: 0,046424 ms)

AssetImportParameters requested are different than current active one (requested -> active):
  custom:graphics/normal-map-encoding: 01000000000000000000000000000000 -> 02000000000000000000000000000000
========================================================================
Received Prepare
Registering precompiled user dll's ...
Registered in 0,000793 seconds.
Begin MonoManager ReloadAssembly
Native extension for LinuxStandalone target not found
Refreshing native plugins compatible for Editor in 0,49 ms, found 1 plugins.
Preloading 0 native plugins for Editor in 0,00 ms.
Invoked RoslynAnalysisRunner static constructor.
RoslynAnalysisRunner will not be running.
RoslynAnalysisRunner has terminated.
NullReferenceException: Object reference not set to an instance of an object
  at XT.Enhancer.Package..cctor () [0x00019] in /home/luis/Documents/LZ/Freelas/Financinha/[Unity] Financinha/Library/PackageCache/com.xeleh.enhancer@78e062bf54/Editor/Package.cs:10 
Rethrow as TypeInitializationException: The type initializer for 'XT.Enhancer.Package' threw an exception.


(Filename: Library/PackageCache/com.xeleh.enhancer@78e062bf54/Editor/Package.cs Line: 10)

Mono: successfully reloaded assembly
- Completed reload, in  0,743 seconds
Platform modules already initialized, skipping
Switching build target platform(24) subTarget(0) extendedPlatform(0) -> platform(13) subTarget(537395200) extendedPlatform(0)
Refreshing native plugins compatible for Editor in 0,42 ms, found 1 plugins.
Preloading 0 native plugins for Editor in 0,00 ms.
Unloading 1970 Unused Serialized files (Serialized files now loaded: 0)
System memory in use before: 86,1 MB.
System memory in use after: 86,2 MB.

Unloading 8 unused Assets to reduce memory usage. Loaded Objects now: 2478.
Total: 2,444037 ms (FindLiveObjects: 0,233658 ms CreateObjectMapping: 0,052374 ms MarkObjects: 2,119975 ms  DeleteObjects: 0,036737 ms)

AssetImportParameters requested are different than current active one (requested -> active):
  custom:graphics/normal-map-encoding: 01000000000000000000000000000000 -> 02000000000000000000000000000000
========================================================================
Received Prepare
Registering precompiled user dll's ...
Registered in 0,000736 seconds.
Begin MonoManager ReloadAssembly
Native extension for LinuxStandalone target not found
Refreshing native plugins compatible for Editor in 0,43 ms, found 1 plugins.
Preloading 0 native plugins for Editor in 0,00 ms.
Invoked RoslynAnalysisRunner static constructor.
RoslynAnalysisRunner will not be running.
RoslynAnalysisRunner has terminated.
NullReferenceException: Object reference not set to an instance of an object
  at XT.Enhancer.Package..cctor () [0x00019] in /home/luis/Documents/LZ/Freelas/Financinha/[Unity] Financinha/Library/PackageCache/com.xeleh.enhancer@78e062bf54/Editor/Package.cs:10 
Rethrow as TypeInitializationException: The type initializer for 'XT.Enhancer.Package' threw an exception.


(Filename: Library/PackageCache/com.xeleh.enhancer@78e062bf54/Editor/Package.cs Line: 10)

Mono: successfully reloaded assembly
- Completed reload, in  0,747 seconds
Platform modules already initialized, skipping
Switching build target platform(24) subTarget(0) extendedPlatform(0) -> platform(13) subTarget(537395200) extendedPlatform(0)
Refreshing native plugins compatible for Editor in 0,43 ms, found 1 plugins.
Preloading 0 native plugins for Editor in 0,00 ms.
Unloading 1970 Unused Serialized files (Serialized files now loaded: 0)
System memory in use before: 86,1 MB.
System memory in use after: 86,2 MB.

Unloading 8 unused Assets to reduce memory usage. Loaded Objects now: 2481.
Total: 3,110166 ms (FindLiveObjects: 0,325840 ms CreateObjectMapping: 0,109430 ms MarkObjects: 2,621720 ms  DeleteObjects: 0,051561 ms)

AssetImportParameters requested are different than current active one (requested -> active):
  custom:graphics/normal-map-encoding: 01000000000000000000000000000000 -> 02000000000000000000000000000000
========================================================================
Received Prepare
Registering precompiled user dll's ...
Registered in 0,000635 seconds.
Begin MonoManager ReloadAssembly
Native extension for LinuxStandalone target not found
Refreshing native plugins compatible for Editor in 0,44 ms, found 1 plugins.
Preloading 0 native plugins for Editor in 0,00 ms.
Invoked RoslynAnalysisRunner static constructor.
RoslynAnalysisRunner will not be running.
RoslynAnalysisRunner has terminated.
NullReferenceException: Object reference not set to an instance of an object
  at XT.Enhancer.Package..cctor () [0x00019] in /home/luis/Documents/LZ/Freelas/Financinha/[Unity] Financinha/Library/PackageCache/com.xeleh.enhancer@78e062bf54/Editor/Package.cs:10 
Rethrow as TypeInitializationException: The type initializer for 'XT.Enhancer.Package' threw an exception.


(Filename: Library/PackageCache/com.xeleh.enhancer@78e062bf54/Editor/Package.cs Line: 10)

Mono: successfully reloaded assembly
- Completed reload, in  0,772 seconds
Platform modules already initialized, skipping
Switching build target platform(24) subTarget(0) extendedPlatform(0) -> platform(13) subTarget(537395200) extendedPlatform(0)
Refreshing native plugins compatible for Editor in 0,42 ms, found 1 plugins.
Preloading 0 native plugins for Editor in 0,00 ms.
Unloading 1970 Unused Serialized files (Serialized files now loaded: 0)
System memory in use before: 86,1 MB.
System memory in use after: 86,2 MB.

Unloading 8 unused Assets to reduce memory usage. Loaded Objects now: 2484.
Total: 2,432568 ms (FindLiveObjects: 0,195348 ms CreateObjectMapping: 0,052695 ms MarkObjects: 2,149281 ms  DeleteObjects: 0,034209 ms)

AssetImportParameters requested are different than current active one (requested -> active):
  custom:graphics/normal-map-encoding: 01000000000000000000000000000000 -> 02000000000000000000000000000000
========================================================================
Received Prepare
Registering precompiled user dll's ...
Registered in 0,000860 seconds.
Begin MonoManager ReloadAssembly
Native extension for LinuxStandalone target not found
Refreshing native plugins compatible for Editor in 0,43 ms, found 1 plugins.
Preloading 0 native plugins for Editor in 0,00 ms.
Invoked RoslynAnalysisRunner static constructor.
RoslynAnalysisRunner will not be running.
RoslynAnalysisRunner has terminated.
NullReferenceException: Object reference not set to an instance of an object
  at XT.Enhancer.Package..cctor () [0x00019] in /home/luis/Documents/LZ/Freelas/Financinha/[Unity] Financinha/Library/PackageCache/com.xeleh.enhancer@78e062bf54/Editor/Package.cs:10 
Rethrow as TypeInitializationException: The type initializer for 'XT.Enhancer.Package' threw an exception.


(Filename: Library/PackageCache/com.xeleh.enhancer@78e062bf54/Editor/Package.cs Line: 10)

Mono: successfully reloaded assembly
- Completed reload, in  0,742 seconds
Platform modules already initialized, skipping
Switching build target platform(24) subTarget(0) extendedPlatform(0) -> platform(13) subTarget(537395200) extendedPlatform(0)
Refreshing native plugins compatible for Editor in 0,78 ms, found 1 plugins.
Preloading 0 native plugins for Editor in 0,00 ms.
Unloading 1970 Unused Serialized files (Serialized files now loaded: 0)
System memory in use before: 86,1 MB.
System memory in use after: 86,2 MB.

Unloading 8 unused Assets to reduce memory usage. Loaded Objects now: 2487.
Total: 2,187736 ms (FindLiveObjects: 0,165730 ms CreateObjectMapping: 0,048103 ms MarkObjects: 1,939908 ms  DeleteObjects: 0,032593 ms)

AssetImportParameters requested are different than current active one (requested -> active):
  custom:graphics/normal-map-encoding: 01000000000000000000000000000000 -> 02000000000000000000000000000000
========================================================================
Received Prepare
Registering precompiled user dll's ...
Registered in 0,000787 seconds.
Begin MonoManager ReloadAssembly
Native extension for LinuxStandalone target not found
Refreshing native plugins compatible for Editor in 0,44 ms, found 1 plugins.
Preloading 0 native plugins for Editor in 0,00 ms.
Invoked RoslynAnalysisRunner static constructor.
RoslynAnalysisRunner will not be running.
RoslynAnalysisRunner has terminated.
NullReferenceException: Object reference not set to an instance of an object
  at XT.Enhancer.Package..cctor () [0x00019] in /home/luis/Documents/LZ/Freelas/Financinha/[Unity] Financinha/Library/PackageCache/com.xeleh.enhancer@78e062bf54/Editor/Package.cs:10 
Rethrow as TypeInitializationException: The type initializer for 'XT.Enhancer.Package' threw an exception.


(Filename: Library/PackageCache/com.xeleh.enhancer@78e062bf54/Editor/Package.cs Line: 10)

Mono: successfully reloaded assembly
- Completed reload, in  0,761 seconds
Platform modules already initialized, skipping
Switching build target platform(24) subTarget(0) extendedPlatform(0) -> platform(13) subTarget(537395200) extendedPlatform(0)
Refreshing native plugins compatible for Editor in 0,43 ms, found 1 plugins.
Preloading 0 native plugins for Editor in 0,00 ms.
Unloading 1970 Unused Serialized files (Serialized files now loaded: 0)
System memory in use before: 86,1 MB.
System memory in use after: 86,2 MB.

Unloading 8 unused Assets to reduce memory usage. Loaded Objects now: 2490.
Total: 5,472139 ms (FindLiveObjects: 0,381206 ms CreateObjectMapping: 0,195617 ms MarkObjects: 4,830643 ms  DeleteObjects: 0,062248 ms)

AssetImportParameters requested are different than current active one (requested -> active):
  custom:graphics/normal-map-encoding: 01000000000000000000000000000000 -> 02000000000000000000000000000000
========================================================================
Received Prepare
Registering precompiled user dll's ...
Registered in 0,000670 seconds.
Begin MonoManager ReloadAssembly
Native extension for LinuxStandalone target not found
Refreshing native plugins compatible for Editor in 0,43 ms, found 1 plugins.
Preloading 0 native plugins for Editor in 0,00 ms.
Invoked RoslynAnalysisRunner static constructor.
RoslynAnalysisRunner will not be running.
RoslynAnalysisRunner has terminated.
NullReferenceException: Object reference not set to an instance of an object
  at XT.Enhancer.Package..cctor () [0x00019] in /home/luis/Documents/LZ/Freelas/Financinha/[Unity] Financinha/Library/PackageCache/com.xeleh.enhancer@78e062bf54/Editor/Package.cs:10 
Rethrow as TypeInitializationException: The type initializer for 'XT.Enhancer.Package' threw an exception.


(Filename: Library/PackageCache/com.xeleh.enhancer@78e062bf54/Editor/Package.cs Line: 10)

Mono: successfully reloaded assembly
- Completed reload, in  0,738 seconds
Platform modules already initialized, skipping
Switching build target platform(24) subTarget(0) extendedPlatform(0) -> platform(13) subTarget(537395200) extendedPlatform(0)
Refreshing native plugins compatible for Editor in 0,43 ms, found 1 plugins.
Preloading 0 native plugins for Editor in 0,00 ms.
Unloading 1970 Unused Serialized files (Serialized files now loaded: 0)
System memory in use before: 86,1 MB.
System memory in use after: 86,2 MB.

Unloading 8 unused Assets to reduce memory usage. Loaded Objects now: 2493.
Total: 2,390439 ms (FindLiveObjects: 0,221534 ms CreateObjectMapping: 0,052266 ms MarkObjects: 2,077908 ms  DeleteObjects: 0,037403 ms)

AssetImportParameters requested are different than current active one (requested -> active):
  custom:graphics/normal-map-encoding: 01000000000000000000000000000000 -> 02000000000000000000000000000000
AssetImportWorkerClient::OnTransportError - code=2 error=End of file
